0001_0033_0032_0054_0054.jpg 1 33 32 54 54
0002_0011_0022_0035_0035.jpg 1 11 22 35 35
0003_0024_0017_0052_0052.jpg 1 24 17 52 52
0004_0033_0013_0037_0037.jpg 1 33 13 37 37
0005_0059_0048_0032_0032.jpg 1 59 48 32 32
0006_0025_0032_0048_0048.jpg 1 25 32 48 48
0007_0032_0023_0049_0049.jpg 1 32 23 49 49
0008_0056_0027_0031_0031.jpg 1 56 27 31 31
0009_0040_0011_0052_0052.jpg 1 40 11 52 52
0010_0011_0021_0066_0066.jpg 1 11 21 66 66
0011_0025_0028_0068_0068.jpg 1 25 28 68 68
0012_0014_0007_0066_0066.jpg 1 14 7 66 66
0013_0038_0030_0053_0053.jpg 1 38 30 53 53
0014_0013_0033_0046_0046.jpg 1 13 33 46 46
0015_0029_0015_0051_0051.jpg 1 29 15 51 51
0016_0039_0023_0034_0034.jpg 1 39 23 34 34
0017_0028_0015_0050_0050.jpg 1 28 15 50 50
0018_0010_0021_0068_0068.jpg 1 10 21 68 68
0019_0039_0039_0049_0049.jpg 1 39 39 49 49
0020_0014_0031_0052_0052.jpg 1 14 31 52 52
0021_0025_0033_0061_0061.jpg 1 25 33 61 61
0022_0004_0009_0058_0058.jpg 1 4 9 58 58
0023_0015_0026_0069_0069.jpg 1 15 26 69 69
0024_0030_0026_0049_0049.jpg 1 30 26 49 49
0025_0017_0010_0050_0050.jpg 1 17 10 50 50
0026_0031_0025_0025_0025.jpg 1 31 25 25 25
0027_0012_0013_0054_0054.jpg 1 12 13 54 54
0028_0021_0046_0040_0040.jpg 1 21 46 40 40
0029_0007_0023_0066_0066.jpg 1 7 23 66 66
0030_0044_0046_0035_0035.jpg 1 44 46 35 35
0031_0011_0008_0044_0044.jpg 1 11 8 44 44
0032_0034_0019_0055_0055.jpg 1 34 19 55 55
0033_0008_0022_0060_0060.jpg 1 8 22 60 60
0034_0007_0012_0068_0068.jpg 1 7 12 68 68
0035_0029_0047_0037_0037.jpg 1 29 47 37 37
0036_0030_0023_0062_0062.jpg 1 30 23 62 62
0037_0017_0040_0040_0040.jpg 1 17 40 40 40
0038_0011_0033_0060_0060.jpg 1 11 33 60 60
0039_0028_0010_0067_0067.jpg 1 28 10 67 67
0040_0010_0036_0039_0039.jpg 1 10 36 39 39
0041_0017_0036_0056_0056.jpg 1 17 36 56 56
0042_0034_0038_0057_0057.jpg 1 34 38 57 57
0043_0006_0007_0052_0052.jpg 1 6 7 52 52
0044_0012_0018_0065_0065.jpg 1 12 18 65 65
0045_0012_0016_0057_0057.jpg 1 12 16 57 57
0046_0026_0036_0049_0049.jpg 1 26 36 49 49
0047_0005_0019_0064_0064.jpg 1 5 19 64 64
0048_0009_0038_0052_0052.jpg 1 9 38 52 52
0049_0034_0049_0038_0038.jpg 1 34 49 38 38
0050_0043_0043_0032_0032.jpg 1 43 43 32 32
0051_0017_0029_0052_0052.jpg 1 17 29 52 52
0052_0041_0017_0052_0052.jpg 1 41 17 52 52
0053_0017_0044_0046_0046.jpg 1 17 44 46 46
0054_0024_0051_0030_0030.jpg 1 24 51 30 30
0055_0011_0018_0030_0030.jpg 1 11 18 30 30
0056_0025_0019_0038_0038.jpg 1 25 19 38 38
0057_0024_0019_0066_0066.jpg 1 24 19 66 66
0058_0038_0029_0048_0048.jpg 1 38 29 48 48
0059_0027_0010_0064_0064.jpg 1 27 10 64 64
0060_0039_0024_0055_0055.jpg 1 39 24 55 55
0061_0017_0023_0067_0067.jpg 1 17 23 67 67
0062_0026_0013_0062_0062.jpg 1 26 13 62 62
0063_0007_0037_0027_0027.jpg 1 7 37 27 27
0064_0011_0030_0056_0056.jpg 1 11 30 56 56
0065_0029_0041_0046_0046.jpg 1 29 41 46 46
0066_0032_0007_0052_0052.jpg 1 32 7 52 52
0067_0028_0007_0067_0067.jpg 1 28 7 67 67
0068_0016_0045_0026_0026.jpg 1 16 45 26 26
0069_0025_0039_0049_0049.jpg 1 25 39 49 49
0070_0024_0008_0055_0055.jpg 1 24 8 55 55
0071_0060_0014_0025_0025.jpg 1 60 14 25 25
0072_0024_0018_0061_0061.jpg 1 24 18 61 61
0073_0016_0029_0064_0064.jpg 1 16 29 64 64
0074_0041_0019_0042_0042.jpg 1 41 19 42 42
0075_0013_0026_0068_0068.jpg 1 13 26 68 68
0076_0040_0012_0046_0046.jpg 1 40 12 46 46
0077_0016_0010_0066_0066.jpg 1 16 10 66 66
0078_0056_0020_0031_0031.jpg 1 56 20 31 31
0079_0048_0043_0036_0036.jpg 1 48 43 36 36
0080_0020_0028_0047_0047.jpg 1 20 28 47 47
0081_0041_0021_0052_0052.jpg 1 41 21 52 52
0082_0018_0036_0052_0052.jpg 1 18 36 52 52
0083_0021_0024_0027_0027.jpg 1 21 24 27 27
0084_0023_0017_0058_0058.jpg 1 23 17 58 58
0085_0054_0037_0039_0039.jpg 1 54 37 39 39
0086_0039_0035_0045_0045.jpg 1 39 35 45 45
0087_0014_0027_0055_0055.jpg 1 14 27 55 55
0088_0018_0050_0034_0034.jpg 1 18 50 34 34
0089_0051_0016_0038_0038.jpg 1 51 16 38 38
0090_0034_0027_0061_0061.jpg 1 34 27 61 61
0091_0053_0017_0039_0039.jpg 1 53 17 39 39
0092_0005_0022_0068_0068.jpg 1 5 22 68 68
0093_0007_0051_0038_0038.jpg 1 7 51 38 38
0094_0024_0023_0055_0055.jpg 1 24 23 55 55
0095_0037_0027_0052_0052.jpg 1 37 27 52 52
0096_0024_0010_0063_0063.jpg 1 24 10 63 63
0097_0020_0020_0058_0058.jpg 1 20 20 58 58
0098_0033_0062_0024_0024.jpg 1 33 62 24 24
0099_0007_0019_0066_0066.jpg 1 7 19 66 66
0100_0047_0029_0035_0035.jpg 1 47 29 35 35
0101_0015_0026_0067_0067.jpg 1 15 26 67 67
0102_0017_0019_0057_0057.jpg 1 17 19 57 57
0103_0009_0008_0048_0048.jpg 1 9 8 48 48
0104_0036_0064_0028_0028.jpg 1 36 64 28 28
0105_0031_0022_0034_0034.jpg 1 31 22 34 34
0106_0050_0033_0035_0035.jpg 1 50 33 35 35
0107_0019_0024_0031_0031.jpg 1 19 24 31 31
0108_0046_0044_0047_0047.jpg 1 46 44 47 47
0109_0042_0044_0026_0026.jpg 1 42 44 26 26
0110_0027_0036_0031_0031.jpg 1 27 36 31 31
0111_0016_0009_0055_0055.jpg 1 16 9 55 55
0112_0014_0004_0065_0065.jpg 1 14 4 65 65
0113_0031_0025_0051_0051.jpg 1 31 25 51 51
0114_0032_0014_0063_0063.jpg 1 32 14 63 63
0115_0041_0007_0037_0037.jpg 1 41 7 37 37
0116_0035_0029_0053_0053.jpg 1 35 29 53 53
0117_0041_0006_0040_0040.jpg 1 41 6 40 40
0118_0034_0019_0039_0039.jpg 1 34 19 39 39
0119_0027_0010_0040_0040.jpg 1 27 10 40 40
0120_0034_0011_0056_0056.jpg 1 34 11 56 56
0121_0027_0024_0068_0068.jpg 1 27 24 68 68
0122_0034_0017_0053_0053.jpg 1 34 17 53 53
0123_0037_0009_0035_0035.jpg 1 37 9 35 35
0124_0023_0003_0068_0068.jpg 1 23 3 68 68
0125_0022_0041_0036_0036.jpg 1 22 41 36 36
0126_0004_0020_0065_0065.jpg 1 4 20 65 65
0127_0013_0061_0030_0030.jpg 1 13 61 30 30
0128_0006_0041_0040_0040.jpg 1 6 41 40 40
0129_0033_0004_0052_0052.jpg 1 33 4 52 52
0130_0012_0006_0060_0060.jpg 1 12 6 60 60
0131_0039_0015_0056_0056.jpg 1 39 15 56 56
0132_0008_0034_0034_0034.jpg 1 8 34 34 34
0133_0024_0038_0038_0038.jpg 1 24 38 38 38
0134_0017_0024_0050_0050.jpg 1 17 24 50 50
0135_0019_0028_0062_0062.jpg 1 19 28 62 62
0136_0029_0005_0059_0059.jpg 1 29 5 59 59
0137_0012_0023_0030_0030.jpg 1 12 23 30 30
0138_0026_0020_0034_0034.jpg 1 26 20 34 34
0139_0016_0048_0037_0037.jpg 1 16 48 37 37
0140_0022_0034_0061_0061.jpg 1 22 34 61 61
0141_0017_0008_0055_0055.jpg 1 17 8 55 55
0142_0047_0042_0026_0026.jpg 1 47 42 26 26
0143_0013_0026_0058_0058.jpg 1 13 26 58 58
0144_0013_0010_0053_0053.jpg 1 13 10 53 53
0145_0018_0018_0057_0057.jpg 1 18 18 57 57
0146_0032_0020_0055_0055.jpg 1 32 20 55 55
0147_0025_0010_0065_0065.jpg 1 25 10 65 65
0148_0021_0033_0036_0036.jpg 1 21 33 36 36
0149_0047_0022_0030_0030.jpg 1 47 22 30 30
0150_0028_0006_0067_0067.jpg 1 28 6 67 67
0151_0011_0007_0052_0052.jpg 1 11 7 52 52
0152_0040_0015_0042_0042.jpg 1 40 15 42 42
0153_0032_0053_0039_0039.jpg 1 32 53 39 39
0154_0007_0028_0060_0060.jpg 1 7 28 60 60
0155_0038_0013_0035_0035.jpg 1 38 13 35 35
0156_0058_0037_0026_0026.jpg 1 58 37 26 26
0157_0034_0038_0046_0046.jpg 1 34 38 46 46
0158_0030_0021_0039_0039.jpg 1 30 21 39 39
0159_0049_0036_0044_0044.jpg 1 49 36 44 44
0160_0010_0023_0066_0066.jpg 1 10 23 66 66
0161_0007_0036_0051_0051.jpg 1 7 36 51 51
0162_0055_0061_0027_0027.jpg 1 55 61 27 27
0163_0020_0044_0035_0035.jpg 1 20 44 35 35
0164_0030_0034_0050_0050.jpg 1 30 34 50 50
0165_0032_0031_0059_0059.jpg 1 32 31 59 59
0166_0019_0016_0039_0039.jpg 1 19 16 39 39
0167_0038_0049_0041_0041.jpg 1 38 49 41 41
0168_0025_0033_0038_0038.jpg 1 25 33 38 38
0169_0028_0028_0066_0066.jpg 1 28 28 66 66
0170_0012_0005_0066_0066.jpg 1 12 5 66 66
0171_0006_0019_0060_0060.jpg 1 6 19 60 60
0172_0007_0018_0055_0055.jpg 1 7 18 55 55
0173_0015_0008_0052_0052.jpg 1 15 8 52 52
0174_0029_0015_0060_0060.jpg 1 29 15 60 60
0175_0042_0008_0036_0036.jpg 1 42 8 36 36
0176_0014_0022_0058_0058.jpg 1 14 22 58 58
0177_0017_0012_0037_0037.jpg 1 17 12 37 37
0178_0019_0037_0052_0052.jpg 1 19 37 52 52
0179_0051_0015_0027_0027.jpg 1 51 15 27 27
0180_0018_0022_0066_0066.jpg 1 18 22 66 66
0181_0046_0020_0034_0034.jpg 1 46 20 34 34
0182_0047_0021_0044_0044.jpg 1 47 21 44 44
0183_0047_0011_0043_0043.jpg 1 47 11 43 43
0184_0032_0030_0029_0029.jpg 1 32 30 29 29
0185_0042_0032_0033_0033.jpg 1 42 32 33 33
0186_0009_0022_0064_0064.jpg 1 9 22 64 64
0187_0010_0054_0024_0024.jpg 1 10 54 24 24
0188_0009_0033_0062_0062.jpg 1 9 33 62 62
0189_0028_0010_0067_0067.jpg 1 28 10 67 67
0190_0020_0010_0055_0055.jpg 1 20 10 55 55
0191_0017_0025_0069_0069.jpg 1 17 25 69 69
0192_0058_0007_0032_0032.jpg 1 58 7 32 32
0193_0029_0008_0031_0031.jpg 1 29 8 31 31
0194_0028_0015_0065_0065.jpg 1 28 15 65 65
0195_0009_0030_0047_0047.jpg 1 9 30 47 47
0196_0017_0036_0053_0053.jpg 1 17 36 53 53
0197_0033_0031_0040_0040.jpg 1 33 31 40 40
0198_0014_0007_0050_0050.jpg 1 14 7 50 50
0199_0024_0037_0040_0040.jpg 1 24 37 40 40
0200_0014_0062_0029_0029.jpg 1 14 62 29 29
0201_0025_0024_0032_0032.jpg 1 25 24 32 32
0202_0036_0031_0052_0052.jpg 1 36 31 52 52
0203_0023_0027_0056_0056.jpg 1 23 27 56 56
0204_0033_0012_0049_0049.jpg 1 33 12 49 49
0205_0016_0011_0054_0054.jpg 1 16 11 54 54
0206_0053_0056_0032_0032.jpg 1 53 56 32 32
0207_0030_0037_0056_0056.jpg 1 30 37 56 56
0208_0017_0008_0063_0063.jpg 1 17 8 63 63
0209_0013_0028_0067_0067.jpg 1 13 28 67 67
0210_0024_0037_0052_0052.jpg 1 24 37 52 52
0211_0013_0023_0068_0068.jpg 1 13 23 68 68
0212_0027_0023_0048_0048.jpg 1 27 23 48 48
0213_0030_0004_0052_0052.jpg 1 30 4 52 52
0214_0011_0005_0056_0056.jpg 1 11 5 56 56
0215_0028_0016_0049_0049.jpg 1 28 16 49 49
0216_0028_0012_0055_0055.jpg 1 28 12 55 55
0217_0022_0010_0058_0058.jpg 1 22 10 58 58
0218_0050_0057_0026_0026.jpg 1 50 57 26 26
0219_0061_0039_0028_0028.jpg 1 61 39 28 28
0220_0024_0021_0056_0056.jpg 1 24 21 56 56
0221_0035_0012_0041_0041.jpg 1 35 12 41 41
0222_0035_0023_0055_0055.jpg 1 35 23 55 55
0223_0023_0016_0035_0035.jpg 1 23 16 35 35
0224_0032_0028_0039_0039.jpg 1 32 28 39 39
0225_0037_0038_0044_0044.jpg 1 37 38 44 44
0226_0009_0039_0051_0051.jpg 1 9 39 51 51
0227_0044_0023_0032_0032.jpg 1 44 23 32 32
0228_0014_0030_0063_0063.jpg 1 14 30 63 63
0229_0031_0029_0064_0064.jpg 1 31 29 64 64
0230_0019_0045_0038_0038.jpg 1 19 45 38 38
0231_0013_0010_0043_0043.jpg 1 13 10 43 43
0232_0027_0010_0067_0067.jpg 1 27 10 67 67
0233_0053_0034_0038_0038.jpg 1 53 34 38 38
0234_0028_0051_0034_0034.jpg 1 28 51 34 34
0235_0007_0005_0050_0050.jpg 1 7 5 50 50
0236_0024_0020_0055_0055.jpg 1 24 20 55 55
0237_0036_0037_0052_0052.jpg 1 36 37 52 52
0238_0014_0012_0035_0035.jpg 1 14 12 35 35
0239_0033_0037_0058_0058.jpg 1 33 37 58 58
0240_0026_0064_0028_0028.jpg 1 26 64 28 28
0241_0034_0045_0039_0039.jpg 1 34 45 39 39
0242_0035_0013_0046_0046.jpg 1 35 13 46 46
0243_0055_0035_0024_0024.jpg 1 55 35 24 24
0244_0021_0026_0067_0067.jpg 1 21 26 67 67
0245_0017_0053_0038_0038.jpg 1 17 53 38 38
0246_0021_0021_0051_0051.jpg 1 21 21 51 51
0247_0029_0052_0037_0037.jpg 1 29 52 37 37
0248_0013_0004_0066_0066.jpg 1 13 4 66 66
0249_0052_0021_0042_0042.jpg 1 52 21 42 42
0250_0036_0016_0030_0030.jpg 1 36 16 30 30
0251_0017_0040_0041_0041.jpg 1 17 40 41 41
0252_0030_0011_0036_0036.jpg 1 30 11 36 36
0253_0056_0059_0034_0034.jpg 1 56 59 34 34
0254_0050_0026_0040_0040.jpg 1 50 26 40 40
0255_0026_0037_0034_0034.jpg 1 26 37 34 34
0256_0039_0042_0031_0031.jpg 1 39 42 31 31
0257_0006_0032_0053_0053.jpg 1 6 32 53 53
0258_0016_0039_0055_0055.jpg 1 16 39 55 55
0259_0033_0017_0049_0049.jpg 1 33 17 49 49
0260_0037_0031_0025_0025.jpg 1 37 31 25 25
0261_0012_0035_0059_0059.jpg 1 12 35 59 59
0262_0013_0041_0047_0047.jpg 1 13 41 47 47
0263_0011_0014_0032_0032.jpg 1 11 14 32 32
0264_0016_0040_0045_0045.jpg 1 16 40 45 45
0265_0051_0025_0040_0040.jpg 1 51 25 40 40
0266_0018_0040_0049_0049.jpg 1 18 40 49 49
0267_0049_0015_0043_0043.jpg 1 49 15 43 43
0268_0014_0006_0061_0061.jpg 1 14 6 61 61
0269_0018_0019_0039_0039.jpg 1 18 19 39 39
0270_0005_0034_0052_0052.jpg 1 5 34 52 52
0271_0014_0048_0025_0025.jpg 1 14 48 25 25
0272_0048_0044_0031_0031.jpg 1 48 44 31 31
0273_0021_0022_0065_0065.jpg 1 21 22 65 65
0274_0025_0058_0025_0025.jpg 1 25 58 25 25
0275_0030_0017_0045_0045.jpg 1 30 17 45 45
0276_0004_0005_0066_0066.jpg 1 4 5 66 66
0277_0046_0016_0035_0035.jpg 1 46 16 35 35
0278_0011_0028_0055_0055.jpg 1 11 28 55 55
0279_0013_0028_0054_0054.jpg 1 13 28 54 54
0280_0019_0047_0044_0044.jpg 1 19 47 44 44
0281_0024_0005_0045_0045.jpg 1 24 5 45 45
0282_0031_0007_0065_0065.jpg 1 31 7 65 65
0283_0026_0013_0040_0040.jpg 1 26 13 40 40
0284_0006_0006_0065_0065.jpg 1 6 6 65 65
0285_0029_0008_0064_0064.jpg 1 29 8 64 64
0286_0039_0013_0055_0055.jpg 1 39 13 55 55
0287_0036_0007_0052_0052.jpg 1 36 7 52 52
0288_0008_0010_0063_0063.jpg 1 8 10 63 63
0289_0016_0029_0062_0062.jpg 1 16 29 62 62
0290_0025_0006_0068_0068.jpg 1 25 6 68 68
0291_0015_0011_0059_0059.jpg 1 15 11 59 59
0292_0009_0015_0064_0064.jpg 1 9 15 64 64
0293_0007_0022_0069_0069.jpg 1 7 22 69 69
0294_0019_0027_0069_0069.jpg 1 19 27 69 69
0295_0006_0006_0065_0065.jpg 1 6 6 65 65
0296_0012_0013_0031_0031.jpg 1 12 13 31 31
0297_0025_0042_0031_0031.jpg 1 25 42 31 31
0298_0040_0020_0027_0027.jpg 1 40 20 27 27
0299_0027_0037_0058_0058.jpg 1 27 37 58 58
0300_0018_0044_0044_0044.jpg 1 18 44 44 44
0301_0049_0038_0028_0028.jpg 1 49 38 28 28
0302_0020_0021_0068_0068.jpg 1 20 21 68 68
0303_0018_0005_0064_0064.jpg 1 18 5 64 64
0304_0031_0013_0027_0027.jpg 1 31 13 27 27
0305_0055_0038_0030_0030.jpg 1 55 38 30 30
0306_0043_0041_0026_0026.jpg 1 43 41 26 26
0307_0028_0024_0061_0061.jpg 1 28 24 61 61
0308_0043_0054_0037_0037.jpg 1 43 54 37 37
0309_0018_0007_0065_0065.jpg 1 18 7 65 65
0310_0034_0010_0052_0052.jpg 1 34 10 52 52
0311_0030_0018_0065_0065.jpg 1 30 18 65 65
0312_0033_0030_0051_0051.jpg 1 33 30 51 51
0313_0013_0009_0068_0068.jpg 1 13 9 68 68
0314_0030_0005_0043_0043.jpg 1 30 5 43 43
0315_0022_0029_0041_0041.jpg 1 22 29 41 41
0316_0030_0033_0055_0055.jpg 1 30 33 55 55
0317_0028_0021_0067_0067.jpg 1 28 21 67 67
0318_0057_0040_0025_0025.jpg 1 57 40 25 25
0319_0045_0040_0036_0036.jpg 1 45 40 36 36
0320_0048_0028_0042_0042.jpg 1 48 28 42 42
0321_0019_0006_0048_0048.jpg 1 19 6 48 48
0322_0020_0028_0065_0065.jpg 1 20 28 65 65
0323_0046_0016_0024_0024.jpg 1 46 16 24 24
0324_0006_0022_0042_0042.jpg 1 6 22 42 42
0325_0041_0022_0049_0049.jpg 1 41 22 49 49
0326_0014_0008_0045_0045.jpg 1 14 8 45 45
0327_0024_0018_0057_0057.jpg 1 24 18 57 57
0328_0055_0015_0036_0036.jpg 1 55 15 36 36
0329_0047_0042_0047_0047.jpg 1 47 42 47 47
0330_0003_0031_0065_0065.jpg 1 3 31 65 65
0331_0037_0019_0051_0051.jpg 1 37 19 51 51
0332_0038_0009_0044_0044.jpg 1 38 9 44 44
0333_0031_0021_0058_0058.jpg 1 31 21 58 58
0334_0021_0051_0036_0036.jpg 1 21 51 36 36
0335_0059_0064_0024_0024.jpg 1 59 64 24 24
0336_0026_0018_0067_0067.jpg 1 26 18 67 67
0337_0022_0016_0067_0067.jpg 1 22 16 67 67
0338_0015_0014_0053_0053.jpg 1 15 14 53 53
0339_0050_0045_0030_0030.jpg 1 50 45 30 30
0340_0045_0052_0037_0037.jpg 1 45 52 37 37
0341_0037_0029_0047_0047.jpg 1 37 29 47 47
0342_0040_0018_0028_0028.jpg 1 40 18 28 28
0343_0010_0012_0064_0064.jpg 1 10 12 64 64
0344_0039_0048_0039_0039.jpg 1 39 48 39 39
0345_0058_0036_0031_0031.jpg 1 58 36 31 31
0346_0015_0034_0027_0027.jpg 1 15 34 27 27
0347_0029_0047_0025_0025.jpg 1 29 47 25 25
0348_0033_0023_0042_0042.jpg 1 33 23 42 42
0349_0019_0028_0053_0053.jpg 1 19 28 53 53
0350_0007_0007_0054_0054.jpg 1 7 7 54 54
0351_0044_0011_0024_0024.jpg 1 44 11 24 24
0352_0023_0008_0068_0068.jpg 1 23 8 68 68
0353_0007_0006_0052_0052.jpg 1 7 6 52 52
0354_0005_0008_0061_0061.jpg 1 5 8 61 61
0355_0011_0050_0043_0043.jpg 1 11 50 43 43
0356_0035_0023_0045_0045.jpg 1 35 23 45 45
0357_0022_0032_0048_0048.jpg 1 22 32 48 48
0358_0030_0036_0049_0049.jpg 1 30 36 49 49
0359_0020_0016_0069_0069.jpg 1 20 16 69 69
0360_0004_0006_0052_0052.jpg 1 4 6 52 52
0361_0019_0026_0069_0069.jpg 1 19 26 69 69
0362_0030_0033_0046_0046.jpg 1 30 33 46 46
0363_0014_0005_0066_0066.jpg 1 14 5 66 66
0364_0029_0012_0066_0066.jpg 1 29 12 66 66
0365_0028_0020_0064_0064.jpg 1 28 20 64 64
0366_0042_0042_0032_0032.jpg 1 42 42 32 32
0367_0033_0049_0042_0042.jpg 1 33 49 42 42
0368_0026_0026_0046_0046.jpg 1 26 26 46 46
0369_0056_0025_0024_0024.jpg 1 56 25 24 24
0370_0022_0020_0043_0043.jpg 1 22 20 43 43
0371_0027_0026_0068_0068.jpg 1 27 26 68 68
0372_0030_0016_0048_0048.jpg 1 30 16 48 48
0373_0034_0016_0030_0030.jpg 1 34 16 30 30
0374_0038_0040_0050_0050.jpg 1 38 40 50 50
0375_0013_0013_0061_0061.jpg 1 13 13 61 61
0376_0015_0039_0052_0052.jpg 1 15 39 52 52
0377_0028_0014_0038_0038.jpg 1 28 14 38 38
0378_0012_0018_0057_0057.jpg 1 12 18 57 57
0379_0035_0051_0040_0040.jpg 1 35 51 40 40
0380_0037_0049_0031_0031.jpg 1 37 49 31 31
0381_0051_0046_0026_0026.jpg 1 51 46 26 26
0382_0019_0028_0062_0062.jpg 1 19 28 62 62
0383_0019_0038_0043_0043.jpg 1 19 38 43 43
0384_0038_0018_0053_0053.jpg 1 38 18 53 53
0385_0034_0048_0029_0029.jpg 1 34 48 29 29
0386_0021_0053_0029_0029.jpg 1 21 53 29 29
0387_0011_0020_0028_0028.jpg 1 11 20 28 28
0388_0022_0038_0044_0044.jpg 1 22 38 44 44
0389_0016_0008_0034_0034.jpg 1 16 8 34 34
0390_0037_0022_0043_0043.jpg 1 37 22 43 43
0391_0008_0031_0061_0061.jpg 1 8 31 61 61
0392_0032_0011_0059_0059.jpg 1 32 11 59 59
0393_0051_0033_0042_0042.jpg 1 51 33 42 42
0394_0028_0040_0053_0053.jpg 1 28 40 53 53
0395_0037_0020_0047_0047.jpg 1 37 20 47 47
0396_0051_0067_0024_0024.jpg 1 51 67 24 24
0397_0039_0017_0053_0053.jpg 1 39 17 53 53
0398_0040_0018_0035_0035.jpg 1 40 18 35 35
0399_0027_0029_0066_0066.jpg 1 27 29 66 66
0400_0019_0023_0066_0066.jpg 1 19 23 66 66
0401_0020_0004_0063_0063.jpg 1 20 4 63 63
0402_0015_0012_0037_0037.jpg 1 15 12 37 37
0403_0030_0018_0056_0056.jpg 1 30 18 56 56
0404_0031_0043_0043_0043.jpg 1 31 43 43 43
0405_0021_0016_0057_0057.jpg 1 21 16 57 57
0406_0037_0035_0047_0047.jpg 1 37 35 47 47
0407_0035_0035_0050_0050.jpg 1 35 35 50 50
0408_0036_0038_0057_0057.jpg 1 36 38 57 57
0409_0031_0004_0064_0064.jpg 1 31 4 64 64
0410_0010_0038_0052_0052.jpg 1 10 38 52 52
0411_0023_0019_0047_0047.jpg 1 23 19 47 47
0412_0012_0014_0063_0063.jpg 1 12 14 63 63
0413_0051_0040_0041_0041.jpg 1 51 40 41 41
0414_0007_0009_0051_0051.jpg 1 7 9 51 51
0415_0022_0011_0051_0051.jpg 1 22 11 51 51
0416_0018_0033_0055_0055.jpg 1 18 33 55 55
0417_0011_0038_0048_0048.jpg 1 11 38 48 48
0418_0017_0041_0045_0045.jpg 1 17 41 45 45
0419_0027_0034_0031_0031.jpg 1 27 34 31 31
0420_0041_0029_0038_0038.jpg 1 41 29 38 38
0421_0027_0055_0029_0029.jpg 1 27 55 29 29
0422_0018_0043_0038_0038.jpg 1 18 43 38 38
0423_0030_0042_0046_0046.jpg 1 30 42 46 46
0424_0020_0016_0060_0060.jpg 1 20 16 60 60
0425_0005_0027_0053_0053.jpg 1 5 27 53 53
0426_0011_0038_0035_0035.jpg 1 11 38 35 35
0427_0020_0008_0068_0068.jpg 1 20 8 68 68
0428_0047_0014_0034_0034.jpg 1 47 14 34 34
0429_0009_0016_0058_0058.jpg 1 9 16 58 58
0430_0023_0004_0065_0065.jpg 1 23 4 65 65
0431_0012_0028_0047_0047.jpg 1 12 28 47 47
0432_0050_0013_0037_0037.jpg 1 50 13 37 37
0433_0007_0038_0051_0051.jpg 1 7 38 51 51
0434_0017_0026_0061_0061.jpg 1 17 26 61 61
0435_0017_0025_0039_0039.jpg 1 17 25 39 39
0436_0043_0059_0029_0029.jpg 1 43 59 29 29
0437_0045_0023_0048_0048.jpg 1 45 23 48 48
0438_0005_0008_0069_0069.jpg 1 5 8 69 69
0439_0043_0031_0038_0038.jpg 1 43 31 38 38
0440_0028_0029_0060_0060.jpg 1 28 29 60 60
0441_0021_0018_0061_0061.jpg 1 21 18 61 61
0442_0048_0031_0040_0040.jpg 1 48 31 40 40
0443_0004_0026_0069_0069.jpg 1 4 26 69 69
0444_0020_0012_0030_0030.jpg 1 20 12 30 30
0445_0042_0013_0050_0050.jpg 1 42 13 50 50
0446_0021_0013_0064_0064.jpg 1 21 13 64 64
0447_0007_0030_0059_0059.jpg 1 7 30 59 59
0448_0030_0029_0060_0060.jpg 1 30 29 60 60
0449_0046_0060_0027_0027.jpg 1 46 60 27 27
0450_0045_0022_0036_0036.jpg 1 45 22 36 36
0451_0026_0038_0037_0037.jpg 1 26 38 37 37
0452_0017_0052_0040_0040.jpg 1 17 52 40 40
0453_0046_0010_0028_0028.jpg 1 46 10 28 28
0454_0031_0023_0063_0063.jpg 1 31 23 63 63
0455_0004_0031_0059_0059.jpg 1 4 31 59 59
0456_0047_0014_0029_0029.jpg 1 47 14 29 29
0457_0044_0040_0047_0047.jpg 1 44 40 47 47
0458_0055_0034_0027_0027.jpg 1 55 34 27 27
0459_0037_0040_0055_0055.jpg 1 37 40 55 55
0460_0008_0020_0048_0048.jpg 1 8 20 48 48
0461_0011_0030_0056_0056.jpg 1 11 30 56 56
0462_0058_0041_0031_0031.jpg 1 58 41 31 31
0463_0011_0009_0047_0047.jpg 1 11 9 47 47
0464_0010_0010_0054_0054.jpg 1 10 10 54 54
0465_0028_0056_0026_0026.jpg 1 28 56 26 26
0466_0021_0039_0038_0038.jpg 1 21 39 38 38
0467_0012_0018_0069_0069.jpg 1 12 18 69 69
0468_0047_0009_0033_0033.jpg 1 47 9 33 33
0469_0018_0007_0056_0056.jpg 1 18 7 56 56
0470_0020_0048_0044_0044.jpg 1 20 48 44 44
0471_0017_0022_0064_0064.jpg 1 17 22 64 64
0472_0026_0010_0031_0031.jpg 1 26 10 31 31
0473_0011_0023_0032_0032.jpg 1 11 23 32 32
0474_0053_0052_0024_0024.jpg 1 53 52 24 24
0475_0017_0028_0044_0044.jpg 1 17 28 44 44
0476_0016_0034_0057_0057.jpg 1 16 34 57 57
0477_0046_0053_0037_0037.jpg 1 46 53 37 37
0478_0024_0033_0054_0054.jpg 1 24 33 54 54
0479_0012_0010_0064_0064.jpg 1 12 10 64 64
0480_0016_0008_0033_0033.jpg 1 16 8 33 33
0481_0013_0023_0060_0060.jpg 1 13 23 60 60
0482_0029_0043_0032_0032.jpg 1 29 43 32 32
0483_0056_0040_0036_0036.jpg 1 56 40 36 36
0484_0025_0024_0058_0058.jpg 1 25 24 58 58
0485_0048_0012_0028_0028.jpg 1 48 12 28 28
0486_0014_0005_0061_0061.jpg 1 14 5 61 61
0487_0008_0016_0040_0040.jpg 1 8 16 40 40
0488_0044_0011_0039_0039.jpg 1 44 11 39 39
0489_0006_0040_0040_0040.jpg 1 6 40 40 40
0490_0023_0030_0044_0044.jpg 1 23 30 44 44
0491_0061_0015_0026_0026.jpg 1 61 15 26 26
0492_0029_0014_0051_0051.jpg 1 29 14 51 51
0493_0026_0014_0046_0046.jpg 1 26 14 46 46
0494_0012_0032_0060_0060.jpg 1 12 32 60 60
0495_0053_0023_0037_0037.jpg 1 53 23 37 37
0496_0008_0016_0061_0061.jpg 1 8 16 61 61
0497_0028_0029_0061_0061.jpg 1 28 29 61 61
0498_0008_0051_0043_0043.jpg 1 8 51 43 43
0499_0033_0027_0056_0056.jpg 1 33 27 56 56
0500_0060_0059_0027_0027.jpg 1 60 59 27 27
0501_0036_0025_0039_0039.jpg 1 36 25 39 39
0502_0026_0042_0030_0030.jpg 1 26 42 30 30
0503_0041_0028_0036_0036.jpg 1 41 28 36 36
0504_0007_0016_0060_0060.jpg 1 7 16 60 60
0505_0043_0047_0038_0038.jpg 1 43 47 38 38
0506_0019_0010_0024_0024.jpg 1 19 10 24 24
0507_0034_0017_0037_0037.jpg 1 34 17 37 37
0508_0042_0035_0047_0047.jpg 1 42 35 47 47
0509_0053_0036_0039_0039.jpg 1 53 36 39 39
0510_0036_0038_0030_0030.jpg 1 36 38 30 30
0511_0007_0014_0062_0062.jpg 1 7 14 62 62
0512_0026_0032_0054_0054.jpg 1 26 32 54 54
0513_0025_0017_0054_0054.jpg 1 25 17 54 54
0514_0023_0041_0036_0036.jpg 1 23 41 36 36
0515_0006_0006_0042_0042.jpg 1 6 6 42 42
0516_0048_0021_0045_0045.jpg 1 48 21 45 45
0517_0037_0048_0025_0025.jpg 1 37 48 25 25
0518_0010_0020_0069_0069.jpg 1 10 20 69 69
0519_0013_0025_0060_0060.jpg 1 13 25 60 60
0520_0020_0025_0027_0027.jpg 1 20 25 27 27
0521_0035_0040_0035_0035.jpg 1 35 40 35 35
0522_0005_0023_0064_0064.jpg 1 5 23 64 64
0523_0016_0035_0054_0054.jpg 1 16 35 54 54
0524_0053_0024_0031_0031.jpg 1 53 24 31 31
0525_0039_0041_0047_0047.jpg 1 39 41 47 47
0526_0009_0047_0036_0036.jpg 1 9 47 36 36
0527_0058_0016_0033_0033.jpg 1 58 16 33 33
0528_0038_0031_0028_0028.jpg 1 38 31 28 28
0529_0012_0007_0060_0060.jpg 1 12 7 60 60
0530_0004_0003_0064_0064.jpg 1 4 3 64 64
0531_0035_0042_0052_0052.jpg 1 35 42 52 52
0532_0031_0015_0043_0043.jpg 1 31 15 43 43
0533_0028_0010_0060_0060.jpg 1 28 10 60 60
0534_0046_0045_0048_0048.jpg 1 46 45 48 48
0535_0022_0007_0034_0034.jpg 1 22 7 34 34
0536_0036_0012_0053_0053.jpg 1 36 12 53 53
0537_0020_0011_0059_0059.jpg 1 20 11 59 59
0538_0046_0021_0037_0037.jpg 1 46 21 37 37
0539_0013_0028_0061_0061.jpg 1 13 28 61 61
0540_0019_0015_0058_0058.jpg 1 19 15 58 58
0541_0037_0009_0049_0049.jpg 1 37 9 49 49
0542_0023_0053_0026_0026.jpg 1 23 53 26 26
0543_0027_0010_0044_0044.jpg 1 27 10 44 44
0544_0040_0018_0043_0043.jpg 1 40 18 43 43
0545_0009_0041_0027_0027.jpg 1 9 41 27 27
0546_0027_0014_0063_0063.jpg 1 27 14 63 63
0547_0041_0048_0038_0038.jpg 1 41 48 38 38
0548_0049_0037_0042_0042.jpg 1 49 37 42 42
0549_0045_0016_0039_0039.jpg 1 45 16 39 39
0550_0033_0007_0025_0025.jpg 1 33 7 25 25
0551_0048_0032_0030_0030.jpg 1 48 32 30 30
0552_0016_0006_0060_0060.jpg 1 16 6 60 60
0553_0010_0037_0050_0050.jpg 1 10 37 50 50
0554_0031_0034_0027_0027.jpg 1 31 34 27 27
0555_0049_0044_0024_0024.jpg 1 49 44 24 24
0556_0017_0024_0034_0034.jpg 1 17 24 34 34
0557_0007_0011_0057_0057.jpg 1 7 11 57 57
0558_0009_0045_0035_0035.jpg 1 9 45 35 35
0559_0043_0026_0039_0039.jpg 1 43 26 39 39
0560_0051_0046_0033_0033.jpg 1 51 46 33 33
0561_0035_0015_0059_0059.jpg 1 35 15 59 59
0562_0018_0010_0069_0069.jpg 1 18 10 69 69
0563_0041_0031_0048_0048.jpg 1 41 31 48 48
0564_0013_0027_0059_0059.jpg 1 13 27 59 59
0565_0046_0014_0038_0038.jpg 1 46 14 38 38
0566_0011_0053_0032_0032.jpg 1 11 53 32 32
0567_0039_0047_0030_0030.jpg 1 39 47 30 30
0568_0018_0015_0066_0066.jpg 1 18 15 66 66
0569_0022_0039_0049_0049.jpg 1 22 39 49 49
0570_0015_0036_0024_0024.jpg 1 15 36 24 24
0571_0021_0023_0029_0029.jpg 1 21 23 29 29
0572_0015_0026_0068_0068.jpg 1 15 26 68 68
0573_0006_0015_0055_0055.jpg 1 6 15 55 55
0574_0034_0006_0046_0046.jpg 1 34 6 46 46
0575_0020_0023_0058_0058.jpg 1 20 23 58 58
0576_0063_0044_0028_0028.jpg 1 63 44 28 28
0577_0017_0009_0053_0053.jpg 1 17 9 53 53
0578_0013_0005_0068_0068.jpg 1 13 5 68 68
0579_0009_0025_0069_0069.jpg 1 9 25 69 69
0580_0007_0012_0058_0058.jpg 1 7 12 58 58
0581_0010_0011_0062_0062.jpg 1 10 11 62 62
0582_0010_0012_0067_0067.jpg 1 10 12 67 67
0583_0016_0013_0068_0068.jpg 1 16 13 68 68
0584_0019_0035_0048_0048.jpg 1 19 35 48 48
0585_0019_0012_0039_0039.jpg 1 19 12 39 39
0586_0033_0037_0047_0047.jpg 1 33 37 47 47
0587_0036_0017_0033_0033.jpg 1 36 17 33 33
0588_0012_0016_0067_0067.jpg 1 12 16 67 67
0589_0031_0012_0063_0063.jpg 1 31 12 63 63
0590_0025_0028_0049_0049.jpg 1 25 28 49 49
0591_0013_0050_0037_0037.jpg 1 13 50 37 37
0592_0024_0007_0063_0063.jpg 1 24 7 63 63
0593_0027_0007_0038_0038.jpg 1 27 7 38 38
0594_0031_0014_0055_0055.jpg 1 31 14 55 55
0595_0028_0052_0026_0026.jpg 1 28 52 26 26
0596_0036_0036_0027_0027.jpg 1 36 36 27 27
0597_0017_0023_0065_0065.jpg 1 17 23 65 65
0598_0015_0007_0058_0058.jpg 1 15 7 58 58
0599_0008_0028_0029_0029.jpg 1 8 28 29 29
0600_0038_0026_0057_0057.jpg 1 38 26 57 57
0601_0028_0014_0062_0062.jpg 1 28 14 62 62
0602_0015_0010_0057_0057.jpg 1 15 10 57 57
0603_0044_0046_0047_0047.jpg 1 44 46 47 47
0604_0016_0018_0059_0059.jpg 1 16 18 59 59
0605_0014_0022_0039_0039.jpg 1 14 22 39 39
0606_0023_0007_0042_0042.jpg 1 23 7 42 42
0607_0016_0026_0046_0046.jpg 1 16 26 46 46
0608_0005_0007_0061_0061.jpg 1 5 7 61 61
0609_0051_0029_0028_0028.jpg 1 51 29 28 28
0610_0058_0047_0024_0024.jpg 1 58 47 24 24
0611_0015_0038_0055_0055.jpg 1 15 38 55 55
0612_0054_0011_0035_0035.jpg 1 54 11 35 35
0613_0029_0014_0044_0044.jpg 1 29 14 44 44
0614_0051_0049_0026_0026.jpg 1 51 49 26 26
0615_0041_0023_0035_0035.jpg 1 41 23 35 35
0616_0013_0046_0036_0036.jpg 1 13 46 36 36
0617_0030_0032_0046_0046.jpg 1 30 32 46 46
0618_0029_0032_0062_0062.jpg 1 29 32 62 62
0619_0008_0031_0043_0043.jpg 1 8 31 43 43
0620_0030_0044_0041_0041.jpg 1 30 44 41 41
0621_0022_0023_0052_0052.jpg 1 22 23 52 52
0622_0048_0046_0036_0036.jpg 1 48 46 36 36
0623_0016_0018_0055_0055.jpg 1 16 18 55 55
0624_0013_0005_0068_0068.jpg 1 13 5 68 68
0625_0023_0014_0063_0063.jpg 1 23 14 63 63
0626_0028_0038_0051_0051.jpg 1 28 38 51 51
0627_0028_0054_0032_0032.jpg 1 28 54 32 32
0628_0053_0050_0028_0028.jpg 1 53 50 28 28
0629_0025_0010_0056_0056.jpg 1 25 10 56 56
0630_0038_0005_0043_0043.jpg 1 38 5 43 43
0631_0047_0041_0047_0047.jpg 1 47 41 47 47
0632_0024_0009_0042_0042.jpg 1 24 9 42 42
0633_0050_0039_0031_0031.jpg 1 50 39 31 31
0634_0032_0048_0025_0025.jpg 1 32 48 25 25
0635_0037_0025_0040_0040.jpg 1 37 25 40 40
0636_0017_0007_0037_0037.jpg 1 17 7 37 37
0637_0009_0042_0049_0049.jpg 1 9 42 49 49
0638_0045_0028_0029_0029.jpg 1 45 28 29 29
0639_0019_0020_0032_0032.jpg 1 19 20 32 32
0640_0011_0017_0060_0060.jpg 1 11 17 60 60
0641_0046_0030_0025_0025.jpg 1 46 30 25 25
0642_0021_0029_0062_0062.jpg 1 21 29 62 62
0643_0046_0036_0045_0045.jpg 1 46 36 45 45
0644_0025_0028_0061_0061.jpg 1 25 28 61 61
0645_0005_0028_0056_0056.jpg 1 5 28 56 56
0646_0019_0018_0066_0066.jpg 1 19 18 66 66
0647_0043_0011_0051_0051.jpg 1 43 11 51 51
0648_0031_0025_0026_0026.jpg 1 31 25 26 26
0649_0014_0036_0049_0049.jpg 1 14 36 49 49
0650_0028_0036_0051_0051.jpg 1 28 36 51 51
0651_0044_0043_0046_0046.jpg 1 44 43 46 46
0652_0012_0017_0059_0059.jpg 1 12 17 59 59
0653_0050_0018_0037_0037.jpg 1 50 18 37 37
0654_0055_0047_0034_0034.jpg 1 55 47 34 34
0655_0016_0019_0068_0068.jpg 1 16 19 68 68
0656_0022_0006_0051_0051.jpg 1 22 6 51 51
0657_0033_0033_0062_0062.jpg 1 33 33 62 62
0658_0058_0027_0033_0033.jpg 1 58 27 33 33
0659_0037_0045_0041_0041.jpg 1 37 45 41 41
0660_0023_0017_0025_0025.jpg 1 23 17 25 25
0661_0007_0022_0057_0057.jpg 1 7 22 57 57
0662_0007_0038_0030_0030.jpg 1 7 38 30 30
0663_0039_0050_0044_0044.jpg 1 39 50 44 44
0664_0033_0013_0030_0030.jpg 1 33 13 30 30
0665_0015_0003_0066_0066.jpg 1 15 3 66 66
0666_0006_0021_0067_0067.jpg 1 6 21 67 67
0667_0031_0024_0043_0043.jpg 1 31 24 43 43
0668_0041_0031_0043_0043.jpg 1 41 31 43 43
0669_0046_0036_0035_0035.jpg 1 46 36 35 35
0670_0041_0017_0044_0044.jpg 1 41 17 44 44
0671_0012_0018_0066_0066.jpg 1 12 18 66 66
0672_0027_0025_0027_0027.jpg 1 27 25 27 27
0673_0014_0040_0041_0041.jpg 1 14 40 41 41
0674_0037_0015_0046_0046.jpg 1 37 15 46 46
0675_0053_0042_0029_0029.jpg 1 53 42 29 29
0676_0026_0030_0034_0034.jpg 1 26 30 34 34
0677_0008_0017_0054_0054.jpg 1 8 17 54 54
0678_0007_0025_0065_0065.jpg 1 7 25 65 65
0679_0039_0030_0046_0046.jpg 1 39 30 46 46
0680_0042_0018_0034_0034.jpg 1 42 18 34 34
0681_0010_0026_0039_0039.jpg 1 10 26 39 39
0682_0017_0018_0049_0049.jpg 1 17 18 49 49
0683_0032_0027_0058_0058.jpg 1 32 27 58 58
0684_0004_0004_0058_0058.jpg 1 4 4 58 58
0685_0027_0007_0066_0066.jpg 1 27 7 66 66
0686_0067_0033_0024_0024.jpg 1 67 33 24 24
0687_0014_0062_0030_0030.jpg 1 14 62 30 30
0688_0041_0046_0032_0032.jpg 1 41 46 32 32
0689_0027_0045_0047_0047.jpg 1 27 45 47 47
0690_0025_0016_0024_0024.jpg 1 25 16 24 24
0691_0011_0016_0032_0032.jpg 1 11 16 32 32
0692_0059_0022_0027_0027.jpg 1 59 22 27 27
0693_0014_0038_0055_0055.jpg 1 14 38 55 55
0694_0030_0005_0066_0066.jpg 1 30 5 66 66
0695_0007_0026_0065_0065.jpg 1 7 26 65 65
0696_0032_0006_0047_0047.jpg 1 32 6 47 47
0697_0007_0010_0051_0051.jpg 1 7 10 51 51
0698_0008_0029_0040_0040.jpg 1 8 29 40 40
0699_0028_0009_0043_0043.jpg 1 28 9 43 43
0700_0006_0037_0057_0057.jpg 1 6 37 57 57
0701_0032_0019_0064_0064.jpg 1 32 19 64 64
0702_0020_0011_0045_0045.jpg 1 20 11 45 45
0703_0051_0025_0028_0028.jpg 1 51 25 28 28
0704_0032_0026_0027_0027.jpg 1 32 26 27 27
0705_0006_0040_0042_0042.jpg 1 6 40 42 42
0706_0019_0023_0067_0067.jpg 1 19 23 67 67
0707_0014_0019_0061_0061.jpg 1 14 19 61 61
0708_0031_0040_0039_0039.jpg 1 31 40 39 39
0709_0017_0031_0051_0051.jpg 1 17 31 51 51
0710_0010_0020_0066_0066.jpg 1 10 20 66 66
0711_0006_0014_0055_0055.jpg 1 6 14 55 55
0712_0019_0006_0038_0038.jpg 1 19 6 38 38
0713_0051_0011_0041_0041.jpg 1 51 11 41 41
0714_0014_0023_0052_0052.jpg 1 14 23 52 52
0715_0006_0031_0039_0039.jpg 1 6 31 39 39
0716_0019_0020_0051_0051.jpg 1 19 20 51 51
0717_0049_0046_0028_0028.jpg 1 49 46 28 28
0718_0029_0057_0028_0028.jpg 1 29 57 28 28
0719_0009_0016_0034_0034.jpg 1 9 16 34 34
0720_0040_0040_0035_0035.jpg 1 40 40 35 35
0721_0043_0026_0034_0034.jpg 1 43 26 34 34
0722_0056_0032_0037_0037.jpg 1 56 32 37 37
0723_0028_0017_0047_0047.jpg 1 28 17 47 47
0724_0044_0041_0047_0047.jpg 1 44 41 47 47
0725_0022_0024_0066_0066.jpg 1 22 24 66 66
0726_0011_0043_0037_0037.jpg 1 11 43 37 37
0727_0050_0031_0038_0038.jpg 1 50 31 38 38
0728_0009_0017_0050_0050.jpg 1 9 17 50 50
0729_0049_0038_0025_0025.jpg 1 49 38 25 25
0730_0040_0017_0050_0050.jpg 1 40 17 50 50
0731_0008_0015_0062_0062.jpg 1 8 15 62 62
0732_0010_0012_0051_0051.jpg 1 10 12 51 51
0733_0013_0011_0040_0040.jpg 1 13 11 40 40
0734_0033_0012_0049_0049.jpg 1 33 12 49 49
0735_0033_0017_0053_0053.jpg 1 33 17 53 53
0736_0007_0010_0039_0039.jpg 1 7 10 39 39
0737_0005_0020_0051_0051.jpg 1 5 20 51 51
0738_0040_0043_0043_0043.jpg 1 40 43 43 43
0739_0043_0018_0051_0051.jpg 1 43 18 51 51
0740_0016_0013_0024_0024.jpg 1 16 13 24 24
0741_0018_0042_0031_0031.jpg 1 18 42 31 31
0742_0034_0037_0039_0039.jpg 1 34 37 39 39
0743_0038_0024_0054_0054.jpg 1 38 24 54 54
0744_0051_0052_0025_0025.jpg 1 51 52 25 25
0745_0020_0033_0051_0051.jpg 1 20 33 51 51
0746_0006_0042_0042_0042.jpg 1 6 42 42 42
0747_0033_0007_0032_0032.jpg 1 33 7 32 32
0748_0009_0007_0065_0065.jpg 1 9 7 65 65
0749_0038_0023_0038_0038.jpg 1 38 23 38 38
0750_0044_0033_0042_0042.jpg 1 44 33 42 42
0751_0041_0037_0040_0040.jpg 1 41 37 40 40
0752_0007_0054_0036_0036.jpg 1 7 54 36 36
0753_0032_0036_0041_0041.jpg 1 32 36 41 41
0754_0009_0042_0041_0041.jpg 1 9 42 41 41
0755_0012_0050_0040_0040.jpg 1 12 50 40 40
0756_0032_0026_0060_0060.jpg 1 32 26 60 60
0757_0027_0032_0034_0034.jpg 1 27 32 34 34
0758_0014_0014_0060_0060.jpg 1 14 14 60 60
0759_0028_0037_0057_0057.jpg 1 28 37 57 57
0760_0024_0016_0063_0063.jpg 1 24 16 63 63
0761_0020_0044_0048_0048.jpg 1 20 44 48 48
0762_0010_0039_0045_0045.jpg 1 10 39 45 45
0763_0013_0024_0058_0058.jpg 1 13 24 58 58
0764_0038_0052_0036_0036.jpg 1 38 52 36 36
0765_0007_0047_0030_0030.jpg 1 7 47 30 30
0766_0022_0017_0058_0058.jpg 1 22 17 58 58
0767_0019_0017_0034_0034.jpg 1 19 17 34 34
0768_0009_0015_0067_0067.jpg 1 9 15 67 67
0769_0040_0042_0034_0034.jpg 1 40 42 34 34
0770_0011_0036_0032_0032.jpg 1 11 36 32 32
0771_0057_0028_0024_0024.jpg 1 57 28 24 24
0772_0036_0051_0024_0024.jpg 1 36 51 24 24
0773_0024_0006_0055_0055.jpg 1 24 6 55 55
0774_0042_0007_0036_0036.jpg 1 42 7 36 36
0775_0017_0052_0031_0031.jpg 1 17 52 31 31
0776_0017_0032_0038_0038.jpg 1 17 32 38 38
0777_0049_0017_0045_0045.jpg 1 49 17 45 45
0778_0033_0007_0043_0043.jpg 1 33 7 43 43
0779_0048_0046_0024_0024.jpg 1 48 46 24 24
0780_0020_0032_0033_0033.jpg 1 20 32 33 33
0781_0040_0018_0053_0053.jpg 1 40 18 53 53
0782_0022_0044_0044_0044.jpg 1 22 44 44 44
0783_0013_0031_0053_0053.jpg 1 13 31 53 53
0784_0032_0017_0058_0058.jpg 1 32 17 58 58
0785_0012_0012_0064_0064.jpg 1 12 12 64 64
0786_0023_0008_0049_0049.jpg 1 23 8 49 49
0787_0003_0021_0066_0066.jpg 1 3 21 66 66
0788_0065_0049_0024_0024.jpg 1 65 49 24 24
0789_0052_0033_0041_0041.jpg 1 52 33 41 41
0790_0018_0045_0043_0043.jpg 1 18 45 43 43
0791_0015_0022_0066_0066.jpg 1 15 22 66 66
0792_0013_0026_0063_0063.jpg 1 13 26 63 63
0793_0046_0053_0024_0024.jpg 1 46 53 24 24
0794_0014_0051_0035_0035.jpg 1 14 51 35 35
0795_0010_0054_0034_0034.jpg 1 10 54 34 34
0796_0019_0025_0042_0042.jpg 1 19 25 42 42
0797_0033_0022_0044_0044.jpg 1 33 22 44 44
0798_0047_0042_0041_0041.jpg 1 47 42 41 41
0799_0055_0059_0026_0026.jpg 1 55 59 26 26
0800_0011_0036_0043_0043.jpg 1 11 36 43 43
0801_0012_0019_0057_0057.jpg 1 12 19 57 57
0802_0014_0005_0069_0069.jpg 1 14 5 69 69
0803_0028_0014_0067_0067.jpg 1 28 14 67 67
0804_0031_0031_0047_0047.jpg 1 31 31 47 47
0805_0013_0021_0055_0055.jpg 1 13 21 55 55
0806_0008_0033_0049_0049.jpg 1 8 33 49 49
0807_0024_0012_0043_0043.jpg 1 24 12 43 43
0808_0031_0031_0027_0027.jpg 1 31 31 27 27
0809_0007_0021_0035_0035.jpg 1 7 21 35 35
0810_0003_0024_0068_0068.jpg 1 3 24 68 68
0811_0022_0024_0065_0065.jpg 1 22 24 65 65
0812_0027_0010_0047_0047.jpg 1 27 10 47 47
0813_0033_0024_0052_0052.jpg 1 33 24 52 52
0814_0004_0013_0064_0064.jpg 1 4 13 64 64
0815_0020_0010_0040_0040.jpg 1 20 10 40 40
0816_0044_0062_0027_0027.jpg 1 44 62 27 27
0817_0033_0033_0046_0046.jpg 1 33 33 46 46
0818_0037_0032_0036_0036.jpg 1 37 32 36 36
0819_0009_0015_0067_0067.jpg 1 9 15 67 67
0820_0044_0014_0028_0028.jpg 1 44 14 28 28
0821_0049_0035_0026_0026.jpg 1 49 35 26 26
0822_0026_0021_0033_0033.jpg 1 26 21 33 33
0823_0027_0050_0032_0032.jpg 1 27 50 32 32
0824_0013_0044_0049_0049.jpg 1 13 44 49 49
0825_0046_0046_0025_0025.jpg 1 46 46 25 25
0826_0052_0042_0037_0037.jpg 1 52 42 37 37
0827_0010_0038_0042_0042.jpg 1 10 38 42 42
0828_0021_0054_0036_0036.jpg 1 21 54 36 36
0829_0049_0017_0034_0034.jpg 1 49 17 34 34
0830_0032_0033_0026_0026.jpg 1 32 33 26 26
0831_0015_0053_0040_0040.jpg 1 15 53 40 40
0832_0020_0029_0041_0041.jpg 1 20 29 41 41
0833_0024_0023_0068_0068.jpg 1 24 23 68 68
0834_0045_0041_0048_0048.jpg 1 45 41 48 48
0835_0035_0052_0024_0024.jpg 1 35 52 24 24
0836_0011_0003_0067_0067.jpg 1 11 3 67 67
0837_0019_0037_0049_0049.jpg 1 19 37 49 49
0838_0016_0022_0067_0067.jpg 1 16 22 67 67
0839_0014_0011_0055_0055.jpg 1 14 11 55 55
0840_0032_0015_0039_0039.jpg 1 32 15 39 39
0841_0009_0027_0047_0047.jpg 1 9 27 47 47
0842_0047_0046_0028_0028.jpg 1 47 46 28 28
0843_0034_0038_0034_0034.jpg 1 34 38 34 34
0844_0014_0019_0063_0063.jpg 1 14 19 63 63
0845_0012_0053_0029_0029.jpg 1 12 53 29 29
0846_0037_0026_0028_0028.jpg 1 37 26 28 28
0847_0059_0025_0028_0028.jpg 1 59 25 28 28
0848_0021_0017_0055_0055.jpg 1 21 17 55 55
0849_0037_0031_0044_0044.jpg 1 37 31 44 44
0850_0019_0009_0064_0064.jpg 1 19 9 64 64
0851_0037_0009_0025_0025.jpg 1 37 9 25 25
0852_0033_0057_0034_0034.jpg 1 33 57 34 34
0853_0021_0025_0036_0036.jpg 1 21 25 36 36
0854_0021_0030_0062_0062.jpg 1 21 30 62 62
0855_0011_0026_0060_0060.jpg 1 11 26 60 60
0856_0029_0039_0039_0039.jpg 1 29 39 39 39
0857_0040_0009_0049_0049.jpg 1 40 9 49 49
0858_0015_0036_0050_0050.jpg 1 15 36 50 50
0859_0027_0038_0028_0028.jpg 1 27 38 28 28
0860_0019_0036_0058_0058.jpg 1 19 36 58 58
0861_0019_0032_0041_0041.jpg 1 19 32 41 41
0862_0034_0050_0034_0034.jpg 1 34 50 34 34
0863_0022_0036_0033_0033.jpg 1 22 36 33 33
0864_0025_0059_0034_0034.jpg 1 25 59 34 34
0865_0020_0021_0053_0053.jpg 1 20 21 53 53
0866_0019_0025_0068_0068.jpg 1 19 25 68 68
0867_0010_0006_0051_0051.jpg 1 10 6 51 51
0868_0027_0013_0066_0066.jpg 1 27 13 66 66
0869_0026_0033_0048_0048.jpg 1 26 33 48 48
0870_0051_0008_0034_0034.jpg 1 51 8 34 34
0871_0022_0027_0069_0069.jpg 1 22 27 69 69
0872_0051_0010_0038_0038.jpg 1 51 10 38 38
0873_0047_0021_0042_0042.jpg 1 47 21 42 42
0874_0050_0040_0026_0026.jpg 1 50 40 26 26
0875_0043_0045_0032_0032.jpg 1 43 45 32 32
0876_0034_0037_0055_0055.jpg 1 34 37 55 55
0877_0046_0052_0028_0028.jpg 1 46 52 28 28
0878_0015_0054_0025_0025.jpg 1 15 54 25 25
0879_0013_0009_0058_0058.jpg 1 13 9 58 58
0880_0012_0029_0029_0029.jpg 1 12 29 29 29
0881_0024_0019_0051_0051.jpg 1 24 19 51 51
0882_0020_0063_0026_0026.jpg 1 20 63 26 26
0883_0025_0022_0050_0050.jpg 1 25 22 50 50
0884_0011_0014_0069_0069.jpg 1 11 14 69 69
0885_0036_0029_0057_0057.jpg 1 36 29 57 57
0886_0009_0017_0032_0032.jpg 1 9 17 32 32
0887_0034_0011_0045_0045.jpg 1 34 11 45 45
0888_0017_0053_0036_0036.jpg 1 17 53 36 36
0889_0022_0013_0041_0041.jpg 1 22 13 41 41
0890_0019_0027_0062_0062.jpg 1 19 27 62 62
0891_0020_0027_0068_0068.jpg 1 20 27 68 68
0892_0020_0030_0060_0060.jpg 1 20 30 60 60
0893_0018_0012_0050_0050.jpg 1 18 12 50 50
0894_0022_0026_0054_0054.jpg 1 22 26 54 54
0895_0028_0013_0044_0044.jpg 1 28 13 44 44
0896_0057_0047_0031_0031.jpg 1 57 47 31 31
0897_0006_0037_0055_0055.jpg 1 6 37 55 55
0898_0040_0012_0049_0049.jpg 1 40 12 49 49
0899_0013_0025_0068_0068.jpg 1 13 25 68 68
0900_0017_0007_0033_0033.jpg 1 17 7 33 33
0901_0027_0054_0036_0036.jpg 1 27 54 36 36
0902_0025_0028_0059_0059.jpg 1 25 28 59 59
0903_0010_0027_0060_0060.jpg 1 10 27 60 60
0904_0039_0054_0039_0039.jpg 1 39 54 39 39
0905_0028_0018_0065_0065.jpg 1 28 18 65 65
0906_0040_0030_0027_0027.jpg 1 40 30 27 27
0907_0013_0014_0067_0067.jpg 1 13 14 67 67
0908_0045_0043_0029_0029.jpg 1 45 43 29 29
0909_0021_0024_0053_0053.jpg 1 21 24 53 53
0910_0010_0029_0064_0064.jpg 1 10 29 64 64
0911_0028_0021_0057_0057.jpg 1 28 21 57 57
0912_0023_0024_0040_0040.jpg 1 23 24 40 40
0913_0010_0031_0058_0058.jpg 1 10 31 58 58
0914_0018_0045_0049_0049.jpg 1 18 45 49 49
0915_0029_0011_0039_0039.jpg 1 29 11 39 39
0916_0022_0007_0066_0066.jpg 1 22 7 66 66
0917_0016_0012_0062_0062.jpg 1 16 12 62 62
0918_0017_0031_0028_0028.jpg 1 17 31 28 28
0919_0008_0033_0062_0062.jpg 1 8 33 62 62
0920_0053_0021_0040_0040.jpg 1 53 21 40 40
0921_0004_0005_0061_0061.jpg 1 4 5 61 61
0922_0057_0064_0028_0028.jpg 1 57 64 28 28
0923_0063_0023_0029_0029.jpg 1 63 23 29 29
0924_0023_0006_0051_0051.jpg 1 23 6 51 51
0925_0004_0014_0067_0067.jpg 1 4 14 67 67
0926_0031_0043_0027_0027.jpg 1 31 43 27 27
0927_0021_0056_0036_0036.jpg 1 21 56 36 36
0928_0013_0042_0036_0036.jpg 1 13 42 36 36
0929_0038_0049_0039_0039.jpg 1 38 49 39 39
0930_0016_0033_0060_0060.jpg 1 16 33 60 60
0931_0014_0014_0041_0041.jpg 1 14 14 41 41
0932_0024_0038_0031_0031.jpg 1 24 38 31 31
0933_0010_0016_0042_0042.jpg 1 10 16 42 42
0934_0020_0016_0067_0067.jpg 1 20 16 67 67
0935_0026_0006_0068_0068.jpg 1 26 6 68 68
0936_0031_0049_0030_0030.jpg 1 31 49 30 30
0937_0014_0013_0064_0064.jpg 1 14 13 64 64
0938_0009_0028_0057_0057.jpg 1 9 28 57 57
0939_0027_0027_0069_0069.jpg 1 27 27 69 69
0940_0026_0008_0058_0058.jpg 1 26 8 58 58
0941_0053_0049_0031_0031.jpg 1 53 49 31 31
0942_0007_0028_0058_0058.jpg 1 7 28 58 58
0943_0028_0008_0060_0060.jpg 1 28 8 60 60
0944_0019_0029_0063_0063.jpg 1 19 29 63 63
0945_0004_0012_0065_0065.jpg 1 4 12 65 65
0946_0010_0031_0039_0039.jpg 1 10 31 39 39
0947_0007_0008_0068_0068.jpg 1 7 8 68 68
0948_0020_0010_0064_0064.jpg 1 20 10 64 64
0949_0014_0029_0043_0043.jpg 1 14 29 43 43
0950_0006_0006_0067_0067.jpg 1 6 6 67 67
0951_0009_0010_0063_0063.jpg 1 9 10 63 63
0952_0016_0022_0056_0056.jpg 1 16 22 56 56
0953_0042_0022_0053_0053.jpg 1 42 22 53 53
0954_0020_0012_0068_0068.jpg 1 20 12 68 68
0955_0029_0016_0061_0061.jpg 1 29 16 61 61
0956_0021_0030_0043_0043.jpg 1 21 30 43 43
0957_0003_0007_0065_0065.jpg 1 3 7 65 65
0958_0036_0010_0032_0032.jpg 1 36 10 32 32
0959_0015_0060_0030_0030.jpg 1 15 60 30 30
0960_0021_0024_0044_0044.jpg 1 21 24 44 44
0961_0018_0043_0047_0047.jpg 1 18 43 47 47
0962_0019_0009_0068_0068.jpg 1 19 9 68 68
0963_0049_0050_0037_0037.jpg 1 49 50 37 37
0964_0028_0048_0030_0030.jpg 1 28 48 30 30
0965_0009_0012_0048_0048.jpg 1 9 12 48 48
0966_0034_0013_0058_0058.jpg 1 34 13 58 58
0967_0026_0025_0028_0028.jpg 1 26 25 28 28
0968_0015_0026_0060_0060.jpg 1 15 26 60 60
0969_0007_0025_0057_0057.jpg 1 7 25 57 57
0970_0035_0042_0044_0044.jpg 1 35 42 44 44
0971_0022_0056_0028_0028.jpg 1 22 56 28 28
0972_0027_0058_0033_0033.jpg 1 27 58 33 33
0973_0007_0023_0043_0043.jpg 1 7 23 43 43
0974_0042_0014_0039_0039.jpg 1 42 14 39 39
0975_0008_0013_0068_0068.jpg 1 8 13 68 68
0976_0032_0016_0041_0041.jpg 1 32 16 41 41
0977_0032_0012_0051_0051.jpg 1 32 12 51 51
0978_0053_0034_0037_0037.jpg 1 53 34 37 37
0979_0040_0031_0045_0045.jpg 1 40 31 45 45
0980_0022_0011_0064_0064.jpg 1 22 11 64 64
0981_0019_0044_0049_0049.jpg 1 19 44 49 49
0982_0017_0027_0045_0045.jpg 1 17 27 45 45
0983_0025_0030_0062_0062.jpg 1 25 30 62 62
0984_0040_0062_0029_0029.jpg 1 40 62 29 29
0985_0027_0007_0058_0058.jpg 1 27 7 58 58
0986_0065_0017_0026_0026.jpg 1 65 17 26 26
0987_0044_0040_0044_0044.jpg 1 44 40 44 44
0988_0027_0047_0045_0045.jpg 1 27 47 45 45
0989_0007_0040_0041_0041.jpg 1 7 40 41 41
0990_0028_0026_0061_0061.jpg 1 28 26 61 61
0991_0062_0020_0029_0029.jpg 1 62 20 29 29
0992_0017_0032_0053_0053.jpg 1 17 32 53 53
0993_0030_0039_0041_0041.jpg 1 30 39 41 41
0994_0027_0015_0067_0067.jpg 1 27 15 67 67
0995_0039_0033_0053_0053.jpg 1 39 33 53 53
0996_0006_0055_0037_0037.jpg 1 6 55 37 37
0997_0023_0046_0040_0040.jpg 1 23 46 40 40
0998_0011_0036_0031_0031.jpg 1 11 36 31 31
0999_0045_0033_0025_0025.jpg 1 45 33 25 25
1000_0012_0024_0057_0057.jpg 1 12 24 57 57
1001_0030_0042_0030_0030.jpg 1 30 42 30 30
1002_0028_0009_0060_0060.jpg 1 28 9 60 60
1003_0012_0027_0068_0068.jpg 1 12 27 68 68
1004_0045_0041_0045_0045.jpg 1 45 41 45 45
1005_0030_0041_0027_0027.jpg 1 30 41 27 27
1006_0039_0047_0037_0037.jpg 1 39 47 37 37
1007_0027_0016_0031_0031.jpg 1 27 16 31 31
1008_0062_0042_0028_0028.jpg 1 62 42 28 28
1009_0017_0011_0052_0052.jpg 1 17 11 52 52
1010_0043_0048_0029_0029.jpg 1 43 48 29 29
1011_0018_0030_0063_0063.jpg 1 18 30 63 63
1012_0018_0006_0059_0059.jpg 1 18 6 59 59
1013_0020_0040_0055_0055.jpg 1 20 40 55 55
1014_0016_0019_0058_0058.jpg 1 16 19 58 58
1015_0022_0035_0051_0051.jpg 1 22 35 51 51
1016_0010_0031_0059_0059.jpg 1 10 31 59 59
1017_0042_0017_0029_0029.jpg 1 42 17 29 29
1018_0015_0018_0067_0067.jpg 1 15 18 67 67
1019_0017_0033_0039_0039.jpg 1 17 33 39 39
1020_0013_0026_0058_0058.jpg 1 13 26 58 58
1021_0034_0041_0039_0039.jpg 1 34 41 39 39
1022_0021_0032_0045_0045.jpg 1 21 32 45 45
1023_0047_0026_0035_0035.jpg 1 47 26 35 35
1024_0038_0046_0033_0033.jpg 1 38 46 33 33
1025_0023_0029_0051_0051.jpg 1 23 29 51 51
1026_0018_0065_0026_0026.jpg 1 18 65 26 26
1027_0030_0040_0024_0024.jpg 1 30 40 24 24
1028_0013_0049_0043_0043.jpg 1 13 49 43 43
1029_0026_0043_0044_0044.jpg 1 26 43 44 44
1030_0066_0037_0024_0024.jpg 1 66 37 24 24
1031_0016_0022_0067_0067.jpg 1 16 22 67 67
1032_0027_0024_0061_0061.jpg 1 27 24 61 61
1033_0042_0024_0027_0027.jpg 1 42 24 27 27
1034_0020_0008_0068_0068.jpg 1 20 8 68 68
1035_0013_0043_0032_0032.jpg 1 13 43 32 32
1036_0010_0015_0046_0046.jpg 1 10 15 46 46
1037_0016_0015_0067_0067.jpg 1 16 15 67 67
1038_0024_0020_0068_0068.jpg 1 24 20 68 68
1039_0062_0018_0025_0025.jpg 1 62 18 25 25
1040_0060_0047_0024_0024.jpg 1 60 47 24 24
1041_0024_0006_0035_0035.jpg 1 24 6 35 35
1042_0046_0014_0035_0035.jpg 1 46 14 35 35
1043_0023_0023_0028_0028.jpg 1 23 23 28 28
1044_0017_0006_0067_0067.jpg 1 17 6 67 67
1045_0031_0038_0045_0045.jpg 1 31 38 45 45
1046_0047_0046_0041_0041.jpg 1 47 46 41 41
1047_0018_0054_0039_0039.jpg 1 18 54 39 39
1048_0038_0026_0054_0054.jpg 1 38 26 54 54
1049_0014_0010_0061_0061.jpg 1 14 10 61 61
1050_0013_0024_0061_0061.jpg 1 13 24 61 61
1051_0023_0032_0051_0051.jpg 1 23 32 51 51
1052_0032_0040_0030_0030.jpg 1 32 40 30 30
1053_0013_0018_0033_0033.jpg 1 13 18 33 33
1054_0030_0022_0062_0062.jpg 1 30 22 62 62
1055_0049_0017_0043_0043.jpg 1 49 17 43 43
1056_0021_0010_0056_0056.jpg 1 21 10 56 56
1057_0032_0028_0030_0030.jpg 1 32 28 30 30
1058_0032_0009_0051_0051.jpg 1 32 9 51 51
1059_0028_0015_0061_0061.jpg 1 28 15 61 61
1060_0025_0063_0025_0025.jpg 1 25 63 25 25
1061_0038_0025_0052_0052.jpg 1 38 25 52 52
1062_0058_0038_0031_0031.jpg 1 58 38 31 31
1063_0042_0023_0049_0049.jpg 1 42 23 49 49
1064_0015_0029_0061_0061.jpg 1 15 29 61 61
1065_0035_0005_0060_0060.jpg 1 35 5 60 60
1066_0049_0031_0030_0030.jpg 1 49 31 30 30
1067_0035_0034_0059_0059.jpg 1 35 34 59 59
1068_0025_0034_0061_0061.jpg 1 25 34 61 61
1069_0030_0015_0062_0062.jpg 1 30 15 62 62
1070_0054_0016_0027_0027.jpg 1 54 16 27 27
1071_0044_0006_0043_0043.jpg 1 44 6 43 43
1072_0042_0054_0028_0028.jpg 1 42 54 28 28
1073_0053_0040_0038_0038.jpg 1 53 40 38 38
1074_0016_0024_0047_0047.jpg 1 16 24 47 47
1075_0041_0033_0050_0050.jpg 1 41 33 50 50
1076_0009_0007_0030_0030.jpg 1 9 7 30 30
1077_0024_0023_0031_0031.jpg 1 24 23 31 31
1078_0027_0046_0043_0043.jpg 1 27 46 43 43
1079_0019_0012_0042_0042.jpg 1 19 12 42 42
1080_0041_0039_0024_0024.jpg 1 41 39 24 24
1081_0015_0033_0036_0036.jpg 1 15 33 36 36
1082_0024_0015_0050_0050.jpg 1 24 15 50 50
1083_0021_0030_0042_0042.jpg 1 21 30 42 42
1084_0039_0006_0056_0056.jpg 1 39 6 56 56
1085_0041_0033_0025_0025.jpg 1 41 33 25 25
1086_0008_0033_0054_0054.jpg 1 8 33 54 54
1087_0021_0015_0066_0066.jpg 1 21 15 66 66
1088_0014_0039_0031_0031.jpg 1 14 39 31 31
1089_0027_0032_0045_0045.jpg 1 27 32 45 45
1090_0041_0051_0036_0036.jpg 1 41 51 36 36
1091_0017_0006_0040_0040.jpg 1 17 6 40 40
1092_0050_0017_0042_0042.jpg 1 50 17 42 42
1093_0026_0062_0026_0026.jpg 1 26 62 26 26
1094_0010_0031_0048_0048.jpg 1 10 31 48 48
1095_0058_0007_0033_0033.jpg 1 58 7 33 33
1096_0034_0052_0026_0026.jpg 1 34 52 26 26
1097_0033_0038_0028_0028.jpg 1 33 38 28 28
1098_0018_0012_0056_0056.jpg 1 18 12 56 56
1099_0028_0024_0067_0067.jpg 1 28 24 67 67
1100_0039_0020_0029_0029.jpg 1 39 20 29 29
1101_0040_0018_0053_0053.jpg 1 40 18 53 53
1102_0052_0043_0041_0041.jpg 1 52 43 41 41
1103_0011_0008_0060_0060.jpg 1 11 8 60 60
1104_0056_0030_0026_0026.jpg 1 56 30 26 26
1105_0030_0019_0065_0065.jpg 1 30 19 65 65
1106_0020_0028_0041_0041.jpg 1 20 28 41 41
1107_0016_0003_0068_0068.jpg 1 16 3 68 68
1108_0037_0035_0052_0052.jpg 1 37 35 52 52
1109_0010_0016_0060_0060.jpg 1 10 16 60 60
1110_0009_0004_0066_0066.jpg 1 9 4 66 66
1111_0018_0009_0063_0063.jpg 1 18 9 63 63
1112_0016_0008_0026_0026.jpg 1 16 8 26 26
1113_0032_0061_0024_0024.jpg 1 32 61 24 24
1114_0009_0031_0058_0058.jpg 1 9 31 58 58
1115_0051_0047_0042_0042.jpg 1 51 47 42 42
1116_0026_0033_0031_0031.jpg 1 26 33 31 31
1117_0005_0022_0069_0069.jpg 1 5 22 69 69
1118_0029_0041_0052_0052.jpg 1 29 41 52 52
1119_0011_0027_0069_0069.jpg 1 11 27 69 69
1120_0017_0007_0054_0054.jpg 1 17 7 54 54
1121_0014_0025_0063_0063.jpg 1 14 25 63 63
1122_0050_0025_0030_0030.jpg 1 50 25 30 30
1123_0054_0013_0027_0027.jpg 1 54 13 27 27
1124_0008_0015_0042_0042.jpg 1 8 15 42 42
1125_0037_0032_0056_0056.jpg 1 37 32 56 56
1126_0006_0026_0067_0067.jpg 1 6 26 67 67
1127_0015_0028_0051_0051.jpg 1 15 28 51 51
1128_0031_0034_0060_0060.jpg 1 31 34 60 60
1129_0022_0019_0066_0066.jpg 1 22 19 66 66
1130_0036_0033_0045_0045.jpg 1 36 33 45 45
1131_0011_0012_0062_0062.jpg 1 11 12 62 62
1132_0034_0033_0053_0053.jpg 1 34 33 53 53
1133_0010_0015_0062_0062.jpg 1 10 15 62 62
1134_0019_0015_0068_0068.jpg 1 19 15 68 68
1135_0038_0052_0041_0041.jpg 1 38 52 41 41
1136_0025_0038_0044_0044.jpg 1 25 38 44 44
1137_0042_0067_0024_0024.jpg 1 42 67 24 24
1138_0009_0023_0065_0065.jpg 1 9 23 65 65
1139_0049_0027_0033_0033.jpg 1 49 27 33 33
1140_0020_0012_0049_0049.jpg 1 20 12 49 49
1141_0017_0012_0036_0036.jpg 1 17 12 36 36
1142_0013_0015_0053_0053.jpg 1 13 15 53 53
1143_0021_0028_0038_0038.jpg 1 21 28 38 38
1144_0024_0046_0044_0044.jpg 1 24 46 44 44
1145_0026_0007_0041_0041.jpg 1 26 7 41 41
1146_0008_0046_0036_0036.jpg 1 8 46 36 36
1147_0024_0041_0042_0042.jpg 1 24 41 42 42
1148_0008_0045_0035_0035.jpg 1 8 45 35 35
1149_0007_0004_0069_0069.jpg 1 7 4 69 69
1150_0012_0033_0056_0056.jpg 1 12 33 56 56
1151_0014_0018_0034_0034.jpg 1 14 18 34 34
1152_0023_0010_0068_0068.jpg 1 23 10 68 68
1153_0018_0009_0061_0061.jpg 1 18 9 61 61
1154_0041_0013_0049_0049.jpg 1 41 13 49 49
1155_0013_0026_0067_0067.jpg 1 13 26 67 67
1156_0030_0021_0061_0061.jpg 1 30 21 61 61
1157_0017_0029_0061_0061.jpg 1 17 29 61 61
1158_0024_0004_0063_0063.jpg 1 24 4 63 63
1159_0006_0013_0065_0065.jpg 1 6 13 65 65
1160_0008_0016_0056_0056.jpg 1 8 16 56 56
1161_0025_0017_0059_0059.jpg 1 25 17 59 59
1162_0009_0041_0052_0052.jpg 1 9 41 52 52
1163_0035_0046_0035_0035.jpg 1 35 46 35 35
1164_0043_0005_0048_0048.jpg 1 43 5 48 48
1165_0015_0036_0049_0049.jpg 1 15 36 49 49
1166_0007_0027_0060_0060.jpg 1 7 27 60 60
1167_0005_0029_0067_0067.jpg 1 5 29 67 67
1168_0004_0035_0058_0058.jpg 1 4 35 58 58
1169_0040_0013_0040_0040.jpg 1 40 13 40 40
1170_0011_0013_0059_0059.jpg 1 11 13 59 59
1171_0008_0026_0065_0065.jpg 1 8 26 65 65
1172_0038_0020_0044_0044.jpg 1 38 20 44 44
1173_0034_0006_0040_0040.jpg 1 34 6 40 40
1174_0039_0041_0041_0041.jpg 1 39 41 41 41
1175_0008_0055_0038_0038.jpg 1 8 55 38 38
1176_0046_0030_0037_0037.jpg 1 46 30 37 37
1177_0035_0024_0046_0046.jpg 1 35 24 46 46
1178_0013_0026_0040_0040.jpg 1 13 26 40 40
1179_0009_0023_0039_0039.jpg 1 9 23 39 39
1180_0016_0009_0058_0058.jpg 1 16 9 58 58
1181_0009_0027_0033_0033.jpg 1 9 27 33 33
1182_0023_0022_0054_0054.jpg 1 23 22 54 54
1183_0006_0022_0044_0044.jpg 1 6 22 44 44
1184_0040_0048_0039_0039.jpg 1 40 48 39 39
1185_0029_0013_0053_0053.jpg 1 29 13 53 53
1186_0031_0040_0032_0032.jpg 1 31 40 32 32
1187_0054_0011_0032_0032.jpg 1 54 11 32 32
1188_0028_0037_0045_0045.jpg 1 28 37 45 45
1189_0022_0028_0068_0068.jpg 1 22 28 68 68
1190_0048_0027_0045_0045.jpg 1 48 27 45 45
1191_0032_0044_0046_0046.jpg 1 32 44 46 46
1192_0007_0019_0061_0061.jpg 1 7 19 61 61
1193_0005_0029_0046_0046.jpg 1 5 29 46 46
1194_0024_0041_0026_0026.jpg 1 24 41 26 26
1195_0039_0025_0052_0052.jpg 1 39 25 52 52
1196_0011_0029_0028_0028.jpg 1 11 29 28 28
1197_0054_0042_0030_0030.jpg 1 54 42 30 30
1198_0021_0010_0038_0038.jpg 1 21 10 38 38
1199_0064_0032_0025_0025.jpg 1 64 32 25 25
1200_0023_0011_0057_0057.jpg 1 23 11 57 57
1201_0028_0010_0063_0063.jpg 1 28 10 63 63
1202_0006_0004_0068_0068.jpg 1 6 4 68 68
1203_0034_0029_0060_0060.jpg 1 34 29 60 60
1204_0043_0023_0038_0038.jpg 1 43 23 38 38
1205_0007_0019_0068_0068.jpg 1 7 19 68 68
1206_0029_0018_0045_0045.jpg 1 29 18 45 45
1207_0045_0016_0040_0040.jpg 1 45 16 40 40
1208_0020_0026_0066_0066.jpg 1 20 26 66 66
1209_0017_0022_0048_0048.jpg 1 17 22 48 48
1210_0058_0014_0026_0026.jpg 1 58 14 26 26
1211_0044_0007_0047_0047.jpg 1 44 7 47 47
1212_0017_0028_0054_0054.jpg 1 17 28 54 54
1213_0027_0028_0057_0057.jpg 1 27 28 57 57
1214_0009_0038_0050_0050.jpg 1 9 38 50 50
1215_0007_0029_0062_0062.jpg 1 7 29 62 62
1216_0024_0029_0054_0054.jpg 1 24 29 54 54
1217_0032_0045_0047_0047.jpg 1 32 45 47 47
1218_0038_0033_0043_0043.jpg 1 38 33 43 43
1219_0015_0005_0041_0041.jpg 1 15 5 41 41
1220_0016_0056_0025_0025.jpg 1 16 56 25 25
1221_0023_0022_0051_0051.jpg 1 23 22 51 51
1222_0046_0008_0048_0048.jpg 1 46 8 48 48
1223_0017_0024_0069_0069.jpg 1 17 24 69 69
1224_0031_0030_0060_0060.jpg 1 31 30 60 60
1225_0027_0054_0037_0037.jpg 1 27 54 37 37
1226_0013_0016_0066_0066.jpg 1 13 16 66 66
1227_0035_0017_0059_0059.jpg 1 35 17 59 59
1228_0009_0009_0030_0030.jpg 1 9 9 30 30
1229_0019_0014_0069_0069.jpg 1 19 14 69 69
1230_0008_0048_0032_0032.jpg 1 8 48 32 32
1231_0009_0023_0061_0061.jpg 1 9 23 61 61
1232_0013_0007_0059_0059.jpg 1 13 7 59 59
1233_0061_0027_0025_0025.jpg 1 61 27 25 25
1234_0044_0016_0029_0029.jpg 1 44 16 29 29
1235_0026_0038_0038_0038.jpg 1 26 38 38 38
1236_0014_0047_0035_0035.jpg 1 14 47 35 35
1237_0019_0005_0048_0048.jpg 1 19 5 48 48
1238_0057_0048_0029_0029.jpg 1 57 48 29 29
1239_0039_0014_0056_0056.jpg 1 39 14 56 56
1240_0030_0029_0024_0024.jpg 1 30 29 24 24
1241_0053_0022_0041_0041.jpg 1 53 22 41 41
1242_0045_0021_0041_0041.jpg 1 45 21 41 41
1243_0027_0030_0057_0057.jpg 1 27 30 57 57
1244_0039_0031_0030_0030.jpg 1 39 31 30 30
1245_0044_0053_0037_0037.jpg 1 44 53 37 37
1246_0032_0053_0028_0028.jpg 1 32 53 28 28
1247_0028_0029_0053_0053.jpg 1 28 29 53 53
1248_0029_0028_0062_0062.jpg 1 29 28 62 62
1249_0007_0003_0069_0069.jpg 1 7 3 69 69
1250_0029_0015_0049_0049.jpg 1 29 15 49 49
1251_0009_0011_0060_0060.jpg 1 9 11 60 60
1252_0052_0036_0032_0032.jpg 1 52 36 32 32
1253_0037_0022_0038_0038.jpg 1 37 22 38 38
1254_0035_0009_0047_0047.jpg 1 35 9 47 47
1255_0044_0027_0043_0043.jpg 1 44 27 43 43
1256_0031_0045_0036_0036.jpg 1 31 45 36 36
1257_0040_0014_0030_0030.jpg 1 40 14 30 30
1258_0023_0020_0036_0036.jpg 1 23 20 36 36
1259_0023_0007_0058_0058.jpg 1 23 7 58 58
1260_0034_0017_0059_0059.jpg 1 34 17 59 59
1261_0010_0020_0059_0059.jpg 1 10 20 59 59
1262_0033_0020_0053_0053.jpg 1 33 20 53 53
1263_0031_0026_0040_0040.jpg 1 31 26 40 40
1264_0024_0016_0054_0054.jpg 1 24 16 54 54
1265_0011_0008_0030_0030.jpg 1 11 8 30 30
1266_0047_0011_0037_0037.jpg 1 47 11 37 37
1267_0025_0010_0067_0067.jpg 1 25 10 67 67
1268_0009_0023_0069_0069.jpg 1 9 23 69 69
1269_0015_0006_0068_0068.jpg 1 15 6 68 68
1270_0009_0047_0040_0040.jpg 1 9 47 40 40
1271_0033_0006_0063_0063.jpg 1 33 6 63 63
1272_0014_0037_0045_0045.jpg 1 14 37 45 45
1273_0006_0005_0060_0060.jpg 1 6 5 60 60
1274_0016_0025_0057_0057.jpg 1 16 25 57 57
1275_0034_0015_0026_0026.jpg 1 34 15 26 26
1276_0015_0034_0050_0050.jpg 1 15 34 50 50
1277_0013_0020_0069_0069.jpg 1 13 20 69 69
1278_0031_0046_0043_0043.jpg 1 31 46 43 43
1279_0039_0008_0036_0036.jpg 1 39 8 36 36
1280_0023_0028_0059_0059.jpg 1 23 28 59 59
1281_0019_0034_0038_0038.jpg 1 19 34 38 38
1282_0014_0039_0039_0039.jpg 1 14 39 39 39
1283_0013_0018_0065_0065.jpg 1 13 18 65 65
1284_0034_0023_0059_0059.jpg 1 34 23 59 59
1285_0008_0013_0048_0048.jpg 1 8 13 48 48
1286_0040_0017_0035_0035.jpg 1 40 17 35 35
1287_0041_0030_0051_0051.jpg 1 41 30 51 51
1288_0013_0006_0065_0065.jpg 1 13 6 65 65
1289_0021_0044_0049_0049.jpg 1 21 44 49 49
1290_0029_0028_0066_0066.jpg 1 29 28 66 66
1291_0039_0055_0029_0029.jpg 1 39 55 29 29
1292_0026_0017_0042_0042.jpg 1 26 17 42 42
1293_0049_0055_0037_0037.jpg 1 49 55 37 37
1294_0045_0048_0035_0035.jpg 1 45 48 35 35
1295_0015_0008_0040_0040.jpg 1 15 8 40 40
1296_0039_0026_0036_0036.jpg 1 39 26 36 36
1297_0018_0031_0047_0047.jpg 1 18 31 47 47
1298_0046_0062_0025_0025.jpg 1 46 62 25 25
1299_0035_0033_0049_0049.jpg 1 35 33 49 49
1300_0025_0018_0039_0039.jpg 1 25 18 39 39
1301_0014_0020_0045_0045.jpg 1 14 20 45 45
1302_0046_0014_0043_0043.jpg 1 46 14 43 43
1303_0011_0017_0068_0068.jpg 1 11 17 68 68
1304_0043_0044_0026_0026.jpg 1 43 44 26 26
1305_0016_0043_0052_0052.jpg 1 16 43 52 52
1306_0012_0030_0057_0057.jpg 1 12 30 57 57
1307_0041_0016_0036_0036.jpg 1 41 16 36 36
1308_0016_0048_0046_0046.jpg 1 16 48 46 46
1309_0004_0038_0057_0057.jpg 1 4 38 57 57
1310_0011_0018_0039_0039.jpg 1 11 18 39 39
1311_0044_0029_0033_0033.jpg 1 44 29 33 33
1312_0018_0021_0043_0043.jpg 1 18 21 43 43
1313_0029_0020_0067_0067.jpg 1 29 20 67 67
1314_0009_0028_0045_0045.jpg 1 9 28 45 45
1315_0036_0016_0026_0026.jpg 1 36 16 26 26
1316_0041_0047_0027_0027.jpg 1 41 47 27 27
1317_0034_0041_0040_0040.jpg 1 34 41 40 40
1318_0049_0045_0030_0030.jpg 1 49 45 30 30
1319_0033_0022_0034_0034.jpg 1 33 22 34 34
1320_0010_0008_0038_0038.jpg 1 10 8 38 38
1321_0041_0027_0026_0026.jpg 1 41 27 26 26
1322_0014_0033_0041_0041.jpg 1 14 33 41 41
1323_0030_0026_0054_0054.jpg 1 30 26 54 54
1324_0013_0024_0053_0053.jpg 1 13 24 53 53
1325_0031_0037_0051_0051.jpg 1 31 37 51 51
1326_0024_0008_0062_0062.jpg 1 24 8 62 62
1327_0023_0025_0066_0066.jpg 1 23 25 66 66
1328_0049_0064_0027_0027.jpg 1 49 64 27 27
1329_0016_0017_0054_0054.jpg 1 16 17 54 54
1330_0012_0040_0033_0033.jpg 1 12 40 33 33
1331_0029_0022_0065_0065.jpg 1 29 22 65 65
1332_0044_0030_0037_0037.jpg 1 44 30 37 37
1333_0029_0023_0047_0047.jpg 1 29 23 47 47
1334_0030_0064_0026_0026.jpg 1 30 64 26 26
1335_0037_0027_0039_0039.jpg 1 37 27 39 39
1336_0030_0007_0060_0060.jpg 1 30 7 60 60
1337_0020_0008_0049_0049.jpg 1 20 8 49 49
1338_0025_0008_0038_0038.jpg 1 25 8 38 38
1339_0011_0027_0055_0055.jpg 1 11 27 55 55
1340_0003_0018_0066_0066.jpg 1 3 18 66 66
1341_0010_0038_0036_0036.jpg 1 10 38 36 36
1342_0014_0016_0061_0061.jpg 1 14 16 61 61
1343_0007_0012_0028_0028.jpg 1 7 12 28 28
1344_0035_0035_0054_0054.jpg 1 35 35 54 54
1345_0007_0006_0057_0057.jpg 1 7 6 57 57
1346_0027_0036_0043_0043.jpg 1 27 36 43 43
1347_0031_0013_0062_0062.jpg 1 31 13 62 62
1348_0043_0020_0042_0042.jpg 1 43 20 42 42
1349_0043_0047_0039_0039.jpg 1 43 47 39 39
1350_0009_0021_0047_0047.jpg 1 9 21 47 47
1351_0048_0060_0025_0025.jpg 1 48 60 25 25
1352_0045_0009_0036_0036.jpg 1 45 9 36 36
1353_0008_0026_0050_0050.jpg 1 8 26 50 50
1354_0026_0016_0055_0055.jpg 1 26 16 55 55
1355_0008_0047_0035_0035.jpg 1 8 47 35 35
1356_0013_0016_0063_0063.jpg 1 13 16 63 63
1357_0025_0027_0062_0062.jpg 1 25 27 62 62
1358_0010_0051_0040_0040.jpg 1 10 51 40 40
1359_0005_0028_0048_0048.jpg 1 5 28 48 48
1360_0043_0025_0036_0036.jpg 1 43 25 36 36
1361_0055_0013_0031_0031.jpg 1 55 13 31 31
1362_0030_0024_0035_0035.jpg 1 30 24 35 35
1363_0032_0020_0063_0063.jpg 1 32 20 63 63
1364_0029_0021_0054_0054.jpg 1 29 21 54 54
1365_0028_0023_0054_0054.jpg 1 28 23 54 54
1366_0025_0009_0043_0043.jpg 1 25 9 43 43
1367_0010_0011_0044_0044.jpg 1 10 11 44 44
1368_0015_0049_0040_0040.jpg 1 15 49 40 40
1369_0041_0035_0042_0042.jpg 1 41 35 42 42
1370_0044_0010_0026_0026.jpg 1 44 10 26 26
1371_0011_0035_0050_0050.jpg 1 11 35 50 50
1372_0041_0039_0038_0038.jpg 1 41 39 38 38
1373_0035_0025_0058_0058.jpg 1 35 25 58 58
1374_0024_0011_0064_0064.jpg 1 24 11 64 64
1375_0036_0010_0034_0034.jpg 1 36 10 34 34
1376_0062_0043_0030_0030.jpg 1 62 43 30 30
1377_0039_0036_0044_0044.jpg 1 39 36 44 44
1378_0012_0025_0054_0054.jpg 1 12 25 54 54
1379_0034_0050_0042_0042.jpg 1 34 50 42 42
1380_0035_0044_0044_0044.jpg 1 35 44 44 44
1381_0018_0010_0069_0069.jpg 1 18 10 69 69
1382_0051_0042_0032_0032.jpg 1 51 42 32 32
1383_0040_0017_0025_0025.jpg 1 40 17 25 25
1384_0013_0012_0059_0059.jpg 1 13 12 59 59
1385_0024_0019_0067_0067.jpg 1 24 19 67 67
1386_0022_0035_0051_0051.jpg 1 22 35 51 51
1387_0018_0039_0051_0051.jpg 1 18 39 51 51
1388_0026_0010_0046_0046.jpg 1 26 10 46 46
1389_0033_0041_0034_0034.jpg 1 33 41 34 34
1390_0027_0013_0059_0059.jpg 1 27 13 59 59
1391_0041_0038_0051_0051.jpg 1 41 38 51 51
1392_0016_0024_0058_0058.jpg 1 16 24 58 58
1393_0024_0026_0065_0065.jpg 1 24 26 65 65
1394_0010_0040_0027_0027.jpg 1 10 40 27 27
1395_0012_0006_0042_0042.jpg 1 12 6 42 42
1396_0032_0008_0055_0055.jpg 1 32 8 55 55
1397_0024_0020_0054_0054.jpg 1 24 20 54 54
1398_0034_0042_0052_0052.jpg 1 34 42 52 52
1399_0019_0018_0049_0049.jpg 1 19 18 49 49
1400_0052_0014_0031_0031.jpg 1 52 14 31 31
1401_0028_0028_0062_0062.jpg 1 28 28 62 62
1402_0014_0040_0034_0034.jpg 1 14 40 34 34
1403_0013_0022_0066_0066.jpg 1 13 22 66 66
1404_0021_0004_0067_0067.jpg 1 21 4 67 67
1405_0012_0022_0039_0039.jpg 1 12 22 39 39
1406_0013_0010_0051_0051.jpg 1 13 10 51 51
1407_0036_0042_0044_0044.jpg 1 36 42 44 44
1408_0013_0033_0050_0050.jpg 1 13 33 50 50
1409_0037_0039_0042_0042.jpg 1 37 39 42 42
1410_0009_0013_0069_0069.jpg 1 9 13 69 69
1411_0046_0008_0038_0038.jpg 1 46 8 38 38
1412_0006_0007_0067_0067.jpg 1 6 7 67 67
1413_0023_0024_0047_0047.jpg 1 23 24 47 47
1414_0040_0046_0042_0042.jpg 1 40 46 42 42
1415_0021_0018_0052_0052.jpg 1 21 18 52 52
1416_0031_0005_0052_0052.jpg 1 31 5 52 52
1417_0030_0021_0054_0054.jpg 1 30 21 54 54
1418_0017_0043_0037_0037.jpg 1 17 43 37 37
1419_0012_0030_0034_0034.jpg 1 12 30 34 34
1420_0023_0015_0057_0057.jpg 1 23 15 57 57
1421_0019_0008_0059_0059.jpg 1 19 8 59 59
1422_0019_0009_0058_0058.jpg 1 19 9 58 58
1423_0012_0035_0052_0052.jpg 1 12 35 52 52
1424_0025_0027_0051_0051.jpg 1 25 27 51 51
1425_0032_0031_0049_0049.jpg 1 32 31 49 49
1426_0016_0053_0029_0029.jpg 1 16 53 29 29
1427_0009_0037_0050_0050.jpg 1 9 37 50 50
1428_0052_0050_0040_0040.jpg 1 52 50 40 40
1429_0021_0055_0032_0032.jpg 1 21 55 32 32
1430_0020_0012_0054_0054.jpg 1 20 12 54 54
1431_0007_0028_0040_0040.jpg 1 7 28 40 40
1432_0029_0034_0053_0053.jpg 1 29 34 53 53
1433_0004_0008_0060_0060.jpg 1 4 8 60 60
1434_0005_0013_0067_0067.jpg 1 5 13 67 67
1435_0012_0045_0040_0040.jpg 1 12 45 40 40
1436_0029_0033_0058_0058.jpg 1 29 33 58 58
1437_0013_0025_0049_0049.jpg 1 13 25 49 49
1438_0020_0014_0059_0059.jpg 1 20 14 59 59
1439_0020_0018_0058_0058.jpg 1 20 18 58 58
1440_0040_0033_0032_0032.jpg 1 40 33 32 32
1441_0047_0019_0031_0031.jpg 1 47 19 31 31
1442_0012_0012_0046_0046.jpg 1 12 12 46 46
1443_0043_0045_0047_0047.jpg 1 43 45 47 47
1444_0043_0009_0048_0048.jpg 1 43 9 48 48
1445_0027_0009_0033_0033.jpg 1 27 9 33 33
1446_0035_0028_0046_0046.jpg 1 35 28 46 46
1447_0045_0017_0045_0045.jpg 1 45 17 45 45
1448_0024_0007_0066_0066.jpg 1 24 7 66 66
1449_0015_0022_0027_0027.jpg 1 15 22 27 27
1450_0033_0026_0048_0048.jpg 1 33 26 48 48
1451_0015_0030_0043_0043.jpg 1 15 30 43 43
1452_0037_0043_0049_0049.jpg 1 37 43 49 49
1453_0018_0025_0062_0062.jpg 1 18 25 62 62
1454_0045_0038_0026_0026.jpg 1 45 38 26 26
1455_0045_0014_0043_0043.jpg 1 45 14 43 43
1456_0008_0023_0052_0052.jpg 1 8 23 52 52
1457_0017_0024_0033_0033.jpg 1 17 24 33 33
1458_0008_0025_0033_0033.jpg 1 8 25 33 33
1459_0032_0031_0061_0061.jpg 1 32 31 61 61
1460_0013_0027_0064_0064.jpg 1 13 27 64 64
1461_0037_0040_0050_0050.jpg 1 37 40 50 50
1462_0044_0027_0047_0047.jpg 1 44 27 47 47
1463_0013_0033_0037_0037.jpg 1 13 33 37 37
1464_0012_0028_0067_0067.jpg 1 12 28 67 67
1465_0030_0014_0040_0040.jpg 1 30 14 40 40
1466_0019_0027_0061_0061.jpg 1 19 27 61 61
1467_0012_0028_0059_0059.jpg 1 12 28 59 59
1468_0006_0015_0037_0037.jpg 1 6 15 37 37
1469_0016_0045_0048_0048.jpg 1 16 45 48 48
1470_0005_0019_0061_0061.jpg 1 5 19 61 61
1471_0011_0049_0027_0027.jpg 1 11 49 27 27
1472_0021_0038_0024_0024.jpg 1 21 38 24 24
1473_0023_0039_0047_0047.jpg 1 23 39 47 47
1474_0048_0015_0044_0044.jpg 1 48 15 44 44
1475_0007_0028_0057_0057.jpg 1 7 28 57 57
1476_0028_0012_0036_0036.jpg 1 28 12 36 36
1477_0015_0035_0044_0044.jpg 1 15 35 44 44
1478_0007_0028_0028_0028.jpg 1 7 28 28 28
1479_0025_0021_0069_0069.jpg 1 25 21 69 69
1480_0004_0024_0056_0056.jpg 1 4 24 56 56
1481_0019_0008_0049_0049.jpg 1 19 8 49 49
1482_0013_0018_0068_0068.jpg 1 13 18 68 68
1483_0039_0032_0045_0045.jpg 1 39 32 45 45
1484_0010_0026_0066_0066.jpg 1 10 26 66 66
1485_0021_0033_0042_0042.jpg 1 21 33 42 42
1486_0028_0008_0055_0055.jpg 1 28 8 55 55
1487_0012_0011_0031_0031.jpg 1 12 11 31 31
1488_0006_0059_0033_0033.jpg 1 6 59 33 33
1489_0030_0031_0049_0049.jpg 1 30 31 49 49
1490_0060_0029_0027_0027.jpg 1 60 29 27 27
1491_0040_0006_0040_0040.jpg 1 40 6 40 40
1492_0011_0032_0046_0046.jpg 1 11 32 46 46
1493_0023_0010_0029_0029.jpg 1 23 10 29 29
1494_0055_0018_0034_0034.jpg 1 55 18 34 34
1495_0022_0019_0062_0062.jpg 1 22 19 62 62
1496_0045_0035_0037_0037.jpg 1 45 35 37 37
1497_0008_0034_0061_0061.jpg 1 8 34 61 61
1498_0029_0026_0037_0037.jpg 1 29 26 37 37
1499_0044_0032_0041_0041.jpg 1 44 32 41 41
1500_0049_0016_0044_0044.jpg 1 49 16 44 44
1501_0018_0021_0051_0051.jpg 1 18 21 51 51
1502_0015_0025_0060_0060.jpg 1 15 25 60 60
1503_0012_0032_0036_0036.jpg 1 12 32 36 36
1504_0021_0041_0030_0030.jpg 1 21 41 30 30
1505_0056_0026_0036_0036.jpg 1 56 26 36 36
1506_0021_0005_0055_0055.jpg 1 21 5 55 55
1507_0015_0030_0046_0046.jpg 1 15 30 46 46
1508_0025_0023_0051_0051.jpg 1 25 23 51 51
1509_0046_0031_0039_0039.jpg 1 46 31 39 39
1510_0009_0026_0055_0055.jpg 1 9 26 55 55
1511_0017_0026_0068_0068.jpg 1 17 26 68 68
1512_0038_0049_0031_0031.jpg 1 38 49 31 31
1513_0017_0008_0060_0060.jpg 1 17 8 60 60
1514_0015_0024_0043_0043.jpg 1 15 24 43 43
1515_0032_0022_0036_0036.jpg 1 32 22 36 36
1516_0007_0032_0054_0054.jpg 1 7 32 54 54
1517_0010_0010_0068_0068.jpg 1 10 10 68 68
1518_0023_0031_0060_0060.jpg 1 23 31 60 60
1519_0021_0010_0050_0050.jpg 1 21 10 50 50
1520_0016_0010_0061_0061.jpg 1 16 10 61 61
1521_0034_0059_0029_0029.jpg 1 34 59 29 29
1522_0053_0048_0024_0024.jpg 1 53 48 24 24
1523_0045_0022_0029_0029.jpg 1 45 22 29 29
1524_0038_0031_0038_0038.jpg 1 38 31 38 38
1525_0021_0012_0051_0051.jpg 1 21 12 51 51
1526_0035_0036_0047_0047.jpg 1 35 36 47 47
1527_0027_0015_0040_0040.jpg 1 27 15 40 40
1528_0027_0055_0032_0032.jpg 1 27 55 32 32
1529_0018_0017_0045_0045.jpg 1 18 17 45 45
1530_0019_0027_0032_0032.jpg 1 19 27 32 32
1531_0018_0031_0054_0054.jpg 1 18 31 54 54
1532_0018_0018_0033_0033.jpg 1 18 18 33 33
1533_0030_0033_0054_0054.jpg 1 30 33 54 54
1534_0005_0008_0055_0055.jpg 1 5 8 55 55
1535_0016_0015_0060_0060.jpg 1 16 15 60 60
1536_0031_0011_0048_0048.jpg 1 31 11 48 48
1537_0014_0031_0044_0044.jpg 1 14 31 44 44
1538_0024_0052_0028_0028.jpg 1 24 52 28 28
1539_0011_0017_0045_0045.jpg 1 11 17 45 45
1540_0032_0022_0059_0059.jpg 1 32 22 59 59
1541_0040_0025_0035_0035.jpg 1 40 25 35 35
1542_0037_0024_0037_0037.jpg 1 37 24 37 37
1543_0010_0031_0060_0060.jpg 1 10 31 60 60
1544_0014_0005_0060_0060.jpg 1 14 5 60 60
1545_0010_0029_0064_0064.jpg 1 10 29 64 64
1546_0024_0016_0062_0062.jpg 1 24 16 62 62
1547_0033_0018_0042_0042.jpg 1 33 18 42 42
1548_0015_0004_0056_0056.jpg 1 15 4 56 56
1549_0027_0005_0059_0059.jpg 1 27 5 59 59
1550_0009_0022_0053_0053.jpg 1 9 22 53 53
1551_0058_0039_0026_0026.jpg 1 58 39 26 26
1552_0016_0009_0039_0039.jpg 1 16 9 39 39
1553_0028_0038_0042_0042.jpg 1 28 38 42 42
1554_0029_0016_0032_0032.jpg 1 29 16 32 32
1555_0025_0055_0034_0034.jpg 1 25 55 34 34
1556_0036_0011_0032_0032.jpg 1 36 11 32 32
1557_0014_0011_0061_0061.jpg 1 14 11 61 61
1558_0035_0031_0025_0025.jpg 1 35 31 25 25
1559_0031_0018_0058_0058.jpg 1 31 18 58 58
1560_0018_0041_0043_0043.jpg 1 18 41 43 43
1561_0012_0027_0049_0049.jpg 1 12 27 49 49
1562_0035_0041_0051_0051.jpg 1 35 41 51 51
1563_0017_0040_0045_0045.jpg 1 17 40 45 45
1564_0018_0029_0057_0057.jpg 1 18 29 57 57
1565_0017_0034_0047_0047.jpg 1 17 34 47 47
1566_0045_0047_0045_0045.jpg 1 45 47 45 45
1567_0011_0008_0028_0028.jpg 1 11 8 28 28
1568_0038_0042_0050_0050.jpg 1 38 42 50 50
1569_0016_0014_0036_0036.jpg 1 16 14 36 36
1570_0008_0007_0038_0038.jpg 1 8 7 38 38
1571_0032_0015_0062_0062.jpg 1 32 15 62 62
1572_0047_0033_0037_0037.jpg 1 47 33 37 37
1573_0033_0018_0058_0058.jpg 1 33 18 58 58
1574_0028_0020_0025_0025.jpg 1 28 20 25 25
1575_0014_0039_0028_0028.jpg 1 14 39 28 28
1576_0010_0041_0032_0032.jpg 1 10 41 32 32
1577_0010_0041_0037_0037.jpg 1 10 41 37 37
1578_0040_0045_0039_0039.jpg 1 40 45 39 39
1579_0043_0035_0048_0048.jpg 1 43 35 48 48
1580_0044_0051_0042_0042.jpg 1 44 51 42 42
1581_0033_0009_0045_0045.jpg 1 33 9 45 45
1582_0013_0013_0060_0060.jpg 1 13 13 60 60
1583_0010_0009_0064_0064.jpg 1 10 9 64 64
1584_0025_0020_0062_0062.jpg 1 25 20 62 62
1585_0041_0014_0039_0039.jpg 1 41 14 39 39
1586_0026_0040_0050_0050.jpg 1 26 40 50 50
1587_0007_0007_0052_0052.jpg 1 7 7 52 52
1588_0028_0024_0027_0027.jpg 1 28 24 27 27
1589_0037_0050_0040_0040.jpg 1 37 50 40 40
1590_0030_0009_0063_0063.jpg 1 30 9 63 63
1591_0012_0006_0058_0058.jpg 1 12 6 58 58
1592_0029_0020_0044_0044.jpg 1 29 20 44 44
1593_0060_0037_0028_0028.jpg 1 60 37 28 28
1594_0012_0015_0066_0066.jpg 1 12 15 66 66
1595_0028_0009_0044_0044.jpg 1 28 9 44 44
1596_0018_0017_0032_0032.jpg 1 18 17 32 32
1597_0035_0027_0039_0039.jpg 1 35 27 39 39
1598_0030_0039_0044_0044.jpg 1 30 39 44 44
1599_0037_0036_0049_0049.jpg 1 37 36 49 49
1600_0040_0018_0045_0045.jpg 1 40 18 45 45
1601_0040_0035_0024_0024.jpg 1 40 35 24 24
1602_0016_0014_0061_0061.jpg 1 16 14 61 61
1603_0041_0040_0031_0031.jpg 1 41 40 31 31
1604_0025_0013_0050_0050.jpg 1 25 13 50 50
1605_0016_0008_0049_0049.jpg 1 16 8 49 49
1606_0040_0028_0033_0033.jpg 1 40 28 33 33
1607_0024_0016_0060_0060.jpg 1 24 16 60 60
1608_0006_0007_0039_0039.jpg 1 6 7 39 39
1609_0038_0016_0057_0057.jpg 1 38 16 57 57
1610_0035_0031_0046_0046.jpg 1 35 31 46 46
1611_0019_0040_0053_0053.jpg 1 19 40 53 53
1612_0010_0034_0062_0062.jpg 1 10 34 62 62
1613_0011_0006_0063_0063.jpg 1 11 6 63 63
1614_0028_0010_0063_0063.jpg 1 28 10 63 63
1615_0018_0020_0066_0066.jpg 1 18 20 66 66
1616_0061_0049_0027_0027.jpg 1 61 49 27 27
1617_0043_0043_0027_0027.jpg 1 43 43 27 27
1618_0043_0032_0032_0032.jpg 1 43 32 32 32
1619_0027_0024_0064_0064.jpg 1 27 24 64 64
1620_0020_0023_0029_0029.jpg 1 20 23 29 29
1621_0042_0051_0034_0034.jpg 1 42 51 34 34
1622_0004_0009_0067_0067.jpg 1 4 9 67 67
1623_0013_0037_0030_0030.jpg 1 13 37 30 30
1624_0031_0011_0054_0054.jpg 1 31 11 54 54
1625_0020_0019_0067_0067.jpg 1 20 19 67 67
1626_0026_0025_0044_0044.jpg 1 26 25 44 44
1627_0022_0030_0054_0054.jpg 1 22 30 54 54
1628_0051_0037_0031_0031.jpg 1 51 37 31 31
1629_0029_0015_0066_0066.jpg 1 29 15 66 66
1630_0035_0004_0060_0060.jpg 1 35 4 60 60
1631_0051_0009_0038_0038.jpg 1 51 9 38 38
1632_0037_0010_0030_0030.jpg 1 37 10 30 30
1633_0007_0032_0028_0028.jpg 1 7 32 28 28
1634_0019_0011_0046_0046.jpg 1 19 11 46 46
1635_0036_0032_0051_0051.jpg 1 36 32 51 51
1636_0016_0020_0060_0060.jpg 1 16 20 60 60
1637_0025_0060_0024_0024.jpg 1 25 60 24 24
1638_0020_0033_0049_0049.jpg 1 20 33 49 49
1639_0005_0021_0049_0049.jpg 1 5 21 49 49
1640_0008_0028_0060_0060.jpg 1 8 28 60 60
1641_0049_0018_0038_0038.jpg 1 49 18 38 38
1642_0021_0029_0066_0066.jpg 1 21 29 66 66
1643_0047_0051_0040_0040.jpg 1 47 51 40 40
1644_0035_0018_0028_0028.jpg 1 35 18 28 28
1645_0010_0006_0068_0068.jpg 1 10 6 68 68
1646_0039_0019_0041_0041.jpg 1 39 19 41 41
1647_0030_0019_0040_0040.jpg 1 30 19 40 40
1648_0020_0008_0035_0035.jpg 1 20 8 35 35
1649_0024_0027_0036_0036.jpg 1 24 27 36 36
1650_0013_0039_0047_0047.jpg 1 13 39 47 47
1651_0020_0049_0037_0037.jpg 1 20 49 37 37
1652_0008_0015_0026_0026.jpg 1 8 15 26 26
1653_0024_0037_0028_0028.jpg 1 24 37 28 28
1654_0010_0006_0037_0037.jpg 1 10 6 37 37
1655_0042_0036_0034_0034.jpg 1 42 36 34 34
1656_0034_0035_0038_0038.jpg 1 34 35 38 38
1657_0044_0061_0032_0032.jpg 1 44 61 32 32
1658_0011_0026_0028_0028.jpg 1 11 26 28 28
1659_0044_0049_0041_0041.jpg 1 44 49 41 41
1660_0015_0005_0068_0068.jpg 1 15 5 68 68
1661_0029_0017_0030_0030.jpg 1 29 17 30 30
1662_0026_0009_0064_0064.jpg 1 26 9 64 64
1663_0039_0037_0031_0031.jpg 1 39 37 31 31
1664_0044_0007_0039_0039.jpg 1 44 7 39 39
1665_0015_0013_0069_0069.jpg 1 15 13 69 69
1666_0037_0038_0048_0048.jpg 1 37 38 48 48
1667_0037_0039_0052_0052.jpg 1 37 39 52 52
1668_0026_0027_0058_0058.jpg 1 26 27 58 58
1669_0022_0011_0061_0061.jpg 1 22 11 61 61
1670_0024_0010_0068_0068.jpg 1 24 10 68 68
1671_0020_0042_0044_0044.jpg 1 20 42 44 44
1672_0038_0051_0037_0037.jpg 1 38 51 37 37
1673_0004_0015_0061_0061.jpg 1 4 15 61 61
1674_0028_0049_0030_0030.jpg 1 28 49 30 30
1675_0009_0017_0024_0024.jpg 1 9 17 24 24
1676_0054_0010_0038_0038.jpg 1 54 10 38 38
1677_0026_0017_0069_0069.jpg 1 26 17 69 69
1678_0021_0029_0067_0067.jpg 1 21 29 67 67
1679_0045_0029_0045_0045.jpg 1 45 29 45 45
1680_0007_0006_0058_0058.jpg 1 7 6 58 58
1681_0008_0042_0044_0044.jpg 1 8 42 44 44
1682_0022_0048_0042_0042.jpg 1 22 48 42 42
1683_0008_0013_0033_0033.jpg 1 8 13 33 33
1684_0045_0016_0024_0024.jpg 1 45 16 24 24
1685_0047_0005_0045_0045.jpg 1 47 5 45 45
1686_0029_0039_0051_0051.jpg 1 29 39 51 51
1687_0043_0012_0034_0034.jpg 1 43 12 34 34
1688_0043_0038_0025_0025.jpg 1 43 38 25 25
1689_0019_0005_0064_0064.jpg 1 19 5 64 64
1690_0027_0008_0069_0069.jpg 1 27 8 69 69
1691_0055_0053_0032_0032.jpg 1 55 53 32 32
1692_0013_0038_0047_0047.jpg 1 13 38 47 47
1693_0045_0010_0049_0049.jpg 1 45 10 49 49
1694_0030_0008_0064_0064.jpg 1 30 8 64 64
1695_0006_0011_0055_0055.jpg 1 6 11 55 55
1696_0008_0019_0032_0032.jpg 1 8 19 32 32
1697_0037_0021_0047_0047.jpg 1 37 21 47 47
1698_0035_0029_0044_0044.jpg 1 35 29 44 44
1699_0016_0068_0024_0024.jpg 1 16 68 24 24
1700_0048_0047_0036_0036.jpg 1 48 47 36 36
1701_0041_0050_0024_0024.jpg 1 41 50 24 24
1702_0036_0008_0054_0054.jpg 1 36 8 54 54
1703_0025_0016_0032_0032.jpg 1 25 16 32 32
1704_0027_0011_0064_0064.jpg 1 27 11 64 64
1705_0024_0011_0032_0032.jpg 1 24 11 32 32
1706_0050_0014_0037_0037.jpg 1 50 14 37 37
1707_0043_0030_0036_0036.jpg 1 43 30 36 36
1708_0061_0026_0025_0025.jpg 1 61 26 25 25
1709_0028_0021_0049_0049.jpg 1 28 21 49 49
1710_0030_0053_0027_0027.jpg 1 30 53 27 27
1711_0023_0028_0062_0062.jpg 1 23 28 62 62
1712_0029_0011_0052_0052.jpg 1 29 11 52 52
1713_0034_0008_0057_0057.jpg 1 34 8 57 57
1714_0032_0025_0030_0030.jpg 1 32 25 30 30
1715_0010_0029_0038_0038.jpg 1 10 29 38 38
1716_0018_0009_0054_0054.jpg 1 18 9 54 54
1717_0010_0038_0032_0032.jpg 1 10 38 32 32
1718_0008_0024_0029_0029.jpg 1 8 24 29 29
1719_0007_0035_0052_0052.jpg 1 7 35 52 52
1720_0013_0019_0053_0053.jpg 1 13 19 53 53
1721_0020_0004_0059_0059.jpg 1 20 4 59 59
1722_0011_0019_0064_0064.jpg 1 11 19 64 64
1723_0016_0027_0046_0046.jpg 1 16 27 46 46
1724_0039_0024_0051_0051.jpg 1 39 24 51 51
1725_0051_0047_0035_0035.jpg 1 51 47 35 35
1726_0015_0014_0045_0045.jpg 1 15 14 45 45
1727_0004_0005_0065_0065.jpg 1 4 5 65 65
1728_0057_0011_0035_0035.jpg 1 57 11 35 35
1729_0033_0022_0061_0061.jpg 1 33 22 61 61
1730_0024_0060_0033_0033.jpg 1 24 60 33 33
1731_0045_0025_0038_0038.jpg 1 45 25 38 38
1732_0041_0018_0029_0029.jpg 1 41 18 29 29
1733_0059_0051_0028_0028.jpg 1 59 51 28 28
1734_0058_0039_0031_0031.jpg 1 58 39 31 31
1735_0023_0042_0046_0046.jpg 1 23 42 46 46
1736_0011_0027_0063_0063.jpg 1 11 27 63 63
1737_0046_0038_0040_0040.jpg 1 46 38 40 40
1738_0020_0017_0067_0067.jpg 1 20 17 67 67
1739_0008_0008_0036_0036.jpg 1 8 8 36 36
1740_0056_0031_0026_0026.jpg 1 56 31 26 26
1741_0013_0025_0031_0031.jpg 1 13 25 31 31
1742_0023_0013_0030_0030.jpg 1 23 13 30 30
1743_0009_0009_0067_0067.jpg 1 9 9 67 67
1744_0018_0013_0042_0042.jpg 1 18 13 42 42
1745_0004_0007_0060_0060.jpg 1 4 7 60 60
1746_0018_0041_0024_0024.jpg 1 18 41 24 24
1747_0014_0013_0052_0052.jpg 1 14 13 52 52
1748_0018_0022_0056_0056.jpg 1 18 22 56 56
1749_0058_0059_0033_0033.jpg 1 58 59 33 33
1750_0043_0048_0040_0040.jpg 1 43 48 40 40
1751_0020_0053_0035_0035.jpg 1 20 53 35 35
1752_0040_0012_0029_0029.jpg 1 40 12 29 29
1753_0018_0025_0063_0063.jpg 1 18 25 63 63
1754_0015_0021_0037_0037.jpg 1 15 21 37 37
1755_0012_0025_0068_0068.jpg 1 12 25 68 68
1756_0023_0060_0024_0024.jpg 1 23 60 24 24
1757_0055_0031_0024_0024.jpg 1 55 31 24 24
1758_0031_0008_0060_0060.jpg 1 31 8 60 60
1759_0016_0011_0061_0061.jpg 1 16 11 61 61
1760_0027_0017_0032_0032.jpg 1 27 17 32 32
1761_0034_0022_0059_0059.jpg 1 34 22 59 59
1762_0008_0004_0069_0069.jpg 1 8 4 69 69
1763_0017_0023_0053_0053.jpg 1 17 23 53 53
1764_0011_0014_0068_0068.jpg 1 11 14 68 68
1765_0046_0049_0042_0042.jpg 1 46 49 42 42
1766_0022_0033_0032_0032.jpg 1 22 33 32 32
1767_0040_0030_0047_0047.jpg 1 40 30 47 47
1768_0023_0050_0040_0040.jpg 1 23 50 40 40
1769_0032_0028_0061_0061.jpg 1 32 28 61 61
1770_0046_0044_0045_0045.jpg 1 46 44 45 45
1771_0009_0017_0064_0064.jpg 1 9 17 64 64
1772_0015_0034_0035_0035.jpg 1 15 34 35 35
1773_0059_0056_0024_0024.jpg 1 59 56 24 24
1774_0024_0011_0068_0068.jpg 1 24 11 68 68
1775_0015_0040_0050_0050.jpg 1 15 40 50 50
1776_0026_0015_0066_0066.jpg 1 26 15 66 66
1777_0020_0030_0057_0057.jpg 1 20 30 57 57
1778_0008_0018_0060_0060.jpg 1 8 18 60 60
1779_0022_0057_0027_0027.jpg 1 22 57 27 27
1780_0007_0010_0066_0066.jpg 1 7 10 66 66
1781_0042_0021_0043_0043.jpg 1 42 21 43 43
1782_0054_0056_0032_0032.jpg 1 54 56 32 32
1783_0029_0027_0055_0055.jpg 1 29 27 55 55
1784_0033_0015_0048_0048.jpg 1 33 15 48 48
1785_0048_0014_0029_0029.jpg 1 48 14 29 29
1786_0030_0008_0053_0053.jpg 1 30 8 53 53
1787_0017_0033_0041_0041.jpg 1 17 33 41 41
1788_0046_0049_0031_0031.jpg 1 46 49 31 31
1789_0023_0024_0051_0051.jpg 1 23 24 51 51
1790_0036_0012_0030_0030.jpg 1 36 12 30 30
1791_0013_0033_0058_0058.jpg 1 13 33 58 58
1792_0003_0020_0064_0064.jpg 1 3 20 64 64
1793_0029_0015_0033_0033.jpg 1 29 15 33 33
1794_0026_0024_0061_0061.jpg 1 26 24 61 61
1795_0033_0010_0060_0060.jpg 1 33 10 60 60
1796_0032_0019_0058_0058.jpg 1 32 19 58 58
1797_0056_0043_0028_0028.jpg 1 56 43 28 28
1798_0028_0055_0038_0038.jpg 1 28 55 38 38
1799_0041_0021_0054_0054.jpg 1 41 21 54 54
1800_0007_0053_0038_0038.jpg 1 7 53 38 38
1801_0045_0036_0033_0033.jpg 1 45 36 33 33
1802_0051_0053_0036_0036.jpg 1 51 53 36 36
1803_0032_0023_0052_0052.jpg 1 32 23 52 52
1804_0046_0022_0039_0039.jpg 1 46 22 39 39
1805_0033_0054_0030_0030.jpg 1 33 54 30 30
1806_0005_0031_0064_0064.jpg 1 5 31 64 64
1807_0008_0008_0057_0057.jpg 1 8 8 57 57
1808_0009_0029_0043_0043.jpg 1 9 29 43 43
1809_0004_0015_0066_0066.jpg 1 4 15 66 66
1810_0007_0038_0054_0054.jpg 1 7 38 54 54
1811_0056_0041_0032_0032.jpg 1 56 41 32 32
1812_0016_0029_0060_0060.jpg 1 16 29 60 60
1813_0012_0015_0050_0050.jpg 1 12 15 50 50
1814_0030_0027_0047_0047.jpg 1 30 27 47 47
1815_0017_0043_0043_0043.jpg 1 17 43 43 43
1816_0027_0007_0066_0066.jpg 1 27 7 66 66
1817_0012_0004_0055_0055.jpg 1 12 4 55 55
1818_0046_0034_0042_0042.jpg 1 46 34 42 42
1819_0040_0045_0035_0035.jpg 1 40 45 35 35
1820_0007_0025_0036_0036.jpg 1 7 25 36 36
1821_0025_0026_0053_0053.jpg 1 25 26 53 53
1822_0008_0010_0029_0029.jpg 1 8 10 29 29
1823_0029_0011_0028_0028.jpg 1 29 11 28 28
1824_0013_0032_0063_0063.jpg 1 13 32 63 63
1825_0021_0017_0067_0067.jpg 1 21 17 67 67
1826_0041_0015_0052_0052.jpg 1 41 15 52 52
1827_0047_0021_0040_0040.jpg 1 47 21 40 40
1828_0040_0034_0044_0044.jpg 1 40 34 44 44
1829_0034_0033_0046_0046.jpg 1 34 33 46 46
1830_0007_0030_0062_0062.jpg 1 7 30 62 62
1831_0029_0038_0049_0049.jpg 1 29 38 49 49
1832_0031_0021_0048_0048.jpg 1 31 21 48 48
1833_0023_0050_0024_0024.jpg 1 23 50 24 24
1834_0046_0041_0047_0047.jpg 1 46 41 47 47
1835_0043_0009_0050_0050.jpg 1 43 9 50 50
1836_0027_0027_0043_0043.jpg 1 27 27 43 43
1837_0039_0019_0042_0042.jpg 1 39 19 42 42
1838_0042_0028_0038_0038.jpg 1 42 28 38 38
1839_0029_0009_0066_0066.jpg 1 29 9 66 66
1840_0010_0029_0040_0040.jpg 1 10 29 40 40
1841_0015_0016_0060_0060.jpg 1 15 16 60 60
1842_0028_0040_0042_0042.jpg 1 28 40 42 42
1843_0036_0049_0042_0042.jpg 1 36 49 42 42
1844_0052_0030_0024_0024.jpg 1 52 30 24 24
1845_0029_0032_0046_0046.jpg 1 29 32 46 46
1846_0008_0007_0046_0046.jpg 1 8 7 46 46
1847_0015_0009_0048_0048.jpg 1 15 9 48 48
1848_0008_0028_0045_0045.jpg 1 8 28 45 45
1849_0018_0008_0066_0066.jpg 1 18 8 66 66
1850_0017_0019_0050_0050.jpg 1 17 19 50 50
1851_0028_0015_0056_0056.jpg 1 28 15 56 56
1852_0046_0026_0041_0041.jpg 1 46 26 41 41
1853_0025_0010_0027_0027.jpg 1 25 10 27 27
1854_0024_0011_0039_0039.jpg 1 24 11 39 39
1855_0012_0030_0066_0066.jpg 1 12 30 66 66
1856_0020_0008_0058_0058.jpg 1 20 8 58 58
1857_0026_0024_0039_0039.jpg 1 26 24 39 39
1858_0043_0011_0041_0041.jpg 1 43 11 41 41
1859_0048_0054_0025_0025.jpg 1 48 54 25 25
1860_0054_0044_0026_0026.jpg 1 54 44 26 26
1861_0036_0055_0033_0033.jpg 1 36 55 33 33
1862_0021_0007_0063_0063.jpg 1 21 7 63 63
1863_0027_0053_0034_0034.jpg 1 27 53 34 34
1864_0030_0029_0056_0056.jpg 1 30 29 56 56
1865_0011_0015_0063_0063.jpg 1 11 15 63 63
1866_0031_0025_0062_0062.jpg 1 31 25 62 62
1867_0028_0017_0058_0058.jpg 1 28 17 58 58
1868_0027_0016_0065_0065.jpg 1 27 16 65 65
1869_0015_0044_0040_0040.jpg 1 15 44 40 40
1870_0007_0041_0049_0049.jpg 1 7 41 49 49
1871_0033_0040_0045_0045.jpg 1 33 40 45 45
1872_0037_0008_0024_0024.jpg 1 37 8 24 24
1873_0018_0007_0034_0034.jpg 1 18 7 34 34
1874_0024_0059_0025_0025.jpg 1 24 59 25 25
1875_0029_0016_0032_0032.jpg 1 29 16 32 32
1876_0033_0021_0030_0030.jpg 1 33 21 30 30
1877_0030_0024_0062_0062.jpg 1 30 24 62 62
1878_0032_0049_0032_0032.jpg 1 32 49 32 32
1879_0015_0045_0041_0041.jpg 1 15 45 41 41
1880_0023_0025_0060_0060.jpg 1 23 25 60 60
1881_0040_0038_0041_0041.jpg 1 40 38 41 41
1882_0035_0045_0029_0029.jpg 1 35 45 29 29
1883_0005_0003_0068_0068.jpg 1 5 3 68 68
1884_0017_0009_0055_0055.jpg 1 17 9 55 55
1885_0024_0024_0062_0062.jpg 1 24 24 62 62
1886_0043_0044_0040_0040.jpg 1 43 44 40 40
1887_0020_0038_0040_0040.jpg 1 20 38 40 40
1888_0028_0050_0029_0029.jpg 1 28 50 29 29
1889_0013_0043_0033_0033.jpg 1 13 43 33 33
1890_0012_0016_0054_0054.jpg 1 12 16 54 54
1891_0031_0014_0046_0046.jpg 1 31 14 46 46
1892_0022_0020_0035_0035.jpg 1 22 20 35 35
1893_0042_0010_0049_0049.jpg 1 42 10 49 49
1894_0005_0011_0059_0059.jpg 1 5 11 59 59
1895_0033_0018_0037_0037.jpg 1 33 18 37 37
1896_0051_0059_0026_0026.jpg 1 51 59 26 26
1897_0019_0032_0031_0031.jpg 1 19 32 31 31
1898_0022_0017_0048_0048.jpg 1 22 17 48 48
1899_0021_0033_0044_0044.jpg 1 21 33 44 44
1900_0017_0030_0031_0031.jpg 1 17 30 31 31
1901_0011_0021_0059_0059.jpg 1 11 21 59 59
1902_0035_0034_0049_0049.jpg 1 35 34 49 49
1903_0023_0033_0040_0040.jpg 1 23 33 40 40
1904_0028_0013_0049_0049.jpg 1 28 13 49 49
1905_0020_0016_0068_0068.jpg 1 20 16 68 68
1906_0028_0045_0045_0045.jpg 1 28 45 45 45
1907_0058_0014_0032_0032.jpg 1 58 14 32 32
1908_0034_0017_0044_0044.jpg 1 34 17 44 44
1909_0031_0023_0034_0034.jpg 1 31 23 34 34
1910_0029_0056_0032_0032.jpg 1 29 56 32 32
1911_0004_0025_0063_0063.jpg 1 4 25 63 63
1912_0039_0023_0041_0041.jpg 1 39 23 41 41
1913_0006_0006_0069_0069.jpg 1 6 6 69 69
1914_0018_0014_0061_0061.jpg 1 18 14 61 61
1915_0044_0014_0028_0028.jpg 1 44 14 28 28
1916_0025_0020_0029_0029.jpg 1 25 20 29 29
1917_0038_0019_0050_0050.jpg 1 38 19 50 50
1918_0013_0029_0062_0062.jpg 1 13 29 62 62
1919_0015_0021_0052_0052.jpg 1 15 21 52 52
1920_0011_0010_0065_0065.jpg 1 11 10 65 65
1921_0037_0030_0051_0051.jpg 1 37 30 51 51
1922_0034_0028_0052_0052.jpg 1 34 28 52 52
1923_0038_0025_0047_0047.jpg 1 38 25 47 47
1924_0013_0023_0068_0068.jpg 1 13 23 68 68
1925_0030_0008_0042_0042.jpg 1 30 8 42 42
1926_0017_0011_0050_0050.jpg 1 17 11 50 50
1927_0035_0028_0058_0058.jpg 1 35 28 58 58
1928_0012_0022_0030_0030.jpg 1 12 22 30 30
1929_0032_0037_0048_0048.jpg 1 32 37 48 48
1930_0037_0037_0036_0036.jpg 1 37 37 36 36
1931_0016_0021_0027_0027.jpg 1 16 21 27 27
1932_0027_0008_0067_0067.jpg 1 27 8 67 67
1933_0014_0024_0068_0068.jpg 1 14 24 68 68
1934_0037_0030_0053_0053.jpg 1 37 30 53 53
1935_0054_0046_0038_0038.jpg 1 54 46 38 38
1936_0028_0018_0044_0044.jpg 1 28 18 44 44
1937_0021_0014_0037_0037.jpg 1 21 14 37 37
1938_0052_0039_0029_0029.jpg 1 52 39 29 29
1939_0009_0013_0047_0047.jpg 1 9 13 47 47
1940_0012_0025_0034_0034.jpg 1 12 25 34 34
1941_0031_0023_0061_0061.jpg 1 31 23 61 61
1942_0025_0021_0055_0055.jpg 1 25 21 55 55
1943_0057_0054_0030_0030.jpg 1 57 54 30 30
1944_0008_0029_0040_0040.jpg 1 8 29 40 40
1945_0028_0020_0066_0066.jpg 1 28 20 66 66
1946_0039_0040_0052_0052.jpg 1 39 40 52 52
1947_0011_0027_0037_0037.jpg 1 11 27 37 37
1948_0043_0027_0050_0050.jpg 1 43 27 50 50
1949_0020_0016_0069_0069.jpg 1 20 16 69 69
1950_0017_0050_0038_0038.jpg 1 17 50 38 38
